Using pre-set license
Built from '2020.2/release' branch; Version is '2020.2.1f1 (270dd8c3da1c) revision 2559448'; Using compiler version '192528614'; Build Type 'Release'
OS: 'Windows 10  (10.0.0) 64bit' Language: 'en' Physical Memory: 16327 MB
BatchMode: 1, IsHumanControllingUs: 0, StartBugReporterOnCrash: 0, Is64bit: 1, IsPro: 0

 COMMAND LINE ARGUMENTS:
E:\Unity\Hub\Editor\2020.2.1f1\Editor\Unity.exe
-adb2
-batchMode
-noUpm
-name
AssetImportWorker0
-projectPath
C:/Users/Sylvain Serey/Desktop/cart315-w2021/315_exercise3
-logFile
Logs/AssetImportWorker0.log
-srvPort
9946
Successfully changed project path to: C:/Users/Sylvain Serey/Desktop/cart315-w2021/315_exercise3
C:/Users/Sylvain Serey/Desktop/cart315-w2021/315_exercise3
Using Asset Import Pipeline V2.
Refreshing native plugins compatible for Editor in 45.18 ms, found 0 plugins.
Preloading 0 native plugins for Editor in 0.00 ms.
Initialize engine version: 2020.2.1f1 (270dd8c3da1c)
[Subsystems] Discovering subsystems at path E:/Unity/Hub/Editor/2020.2.1f1/Editor/Data/Resources/UnitySubsystems
[Subsystems] Discovering subsystems at path C:/Users/Sylvain Serey/Desktop/cart315-w2021/315_exercise3/Assets
GfxDevice: creating device client; threaded=0
Direct3D:
    Version:  Direct3D 11.0 [level 11.1]
    Renderer: NVIDIA GeForce GTX 1070 (ID=0x1b81)
    Vendor:   
    VRAM:     8088 MB
    Driver:   27.21.14.5671
Initialize mono
Mono path[0] = 'E:/Unity/Hub/Editor/2020.2.1f1/Editor/Data/Managed'
Mono path[1] = 'E:/Unity/Hub/Editor/2020.2.1f1/Editor/Data/MonoBleedingEdge/lib/mono/unityjit'
Mono config path = 'E:/Unity/Hub/Editor/2020.2.1f1/Editor/Data/MonoBleedingEdge/etc'
Using monoOptions --debugger-agent=transport=dt_socket,embedding=1,server=y,suspend=n,address=127.0.0.1:56960
Begin MonoManager ReloadAssembly
Registering precompiled unity dll's ...
Register platform support module: E:/Unity/Hub/Editor/2020.2.1f1/Editor/Data/PlaybackEngines/WindowsStandaloneSupport/UnityEditor.WindowsStandalone.Extensions.dll
Registered in 0.002542 seconds.
Native extension for WindowsStandalone target not found
Refreshing native plugins compatible for Editor in 31.53 ms, found 0 plugins.
Preloading 0 native plugins for Editor in 0.00 ms.
Unable to find bridge dll in registry for Microsoft Visual Studio Tools for Unity for C:/Program Files (x86)/Microsoft Visual Studio/2019/Community/Common7/IDE/devenv.exe
Invoked RoslynAnalysisRunner static constructor.
RoslynAnalysisRunner will not be running.
RoslynAnalysisRunner has terminated.
Mono: successfully reloaded assembly
- Completed reload, in  1.393 seconds
Platform modules already initialized, skipping
Registering precompiled user dll's ...
Registered in 0.000802 seconds.
Begin MonoManager ReloadAssembly
Native extension for WindowsStandalone target not found
Refreshing native plugins compatible for Editor in 0.24 ms, found 0 plugins.
Preloading 0 native plugins for Editor in 0.00 ms.
Invoked RoslynAnalysisRunner static constructor.
RoslynAnalysisRunner will not be running.
RoslynAnalysisRunner has terminated.
Mono: successfully reloaded assembly
- Completed reload, in  0.884 seconds
Platform modules already initialized, skipping
========================================================================
Worker process is ready to serve import requests
Launched and connected shader compiler UnityShaderCompiler.exe after 0.05 seconds
Refreshing native plugins compatible for Editor in 0.38 ms, found 0 plugins.
Preloading 0 native plugins for Editor in 0.00 ms.
Unloading 1504 Unused Serialized files (Serialized files now loaded: 0)
System memory in use before: 74.1 MB.
System memory in use after: 74.2 MB.

Unloading 67 unused Assets to reduce memory usage. Loaded Objects now: 1941.
Total: 2.052400 ms (FindLiveObjects: 0.193400 ms CreateObjectMapping: 0.083800 ms MarkObjects: 1.602000 ms  DeleteObjects: 0.172500 ms)

========================================================================
Received Import Request.
  path: Assets/Ice.physicMaterial
  artifactKey: Guid(ca6bbecc8a29c4d1dbb484561e8ca53d) Importer(815301076,1909f56bfc062723c751e8b465ee728b)
Start importing Assets/Ice.physicMaterial using Guid(ca6bbecc8a29c4d1dbb484561e8ca53d) Importer(815301076,1909f56bfc062723c751e8b465ee728b)  -> (artifact id: '21d30e94406d7a9470a5528c52877d7a') in 0.128576 seconds
  Import took 0.131956 seconds .

========================================================================
Received Import Request.
  Time since last request: 556.541265 seconds.
  path: Assets/Scenes
  artifactKey: Guid(822be055b88eb4836b6d26c6ee2ac1f6) Importer(815301076,1909f56bfc062723c751e8b465ee728b)
Start importing Assets/Scenes using Guid(822be055b88eb4836b6d26c6ee2ac1f6) Importer(815301076,1909f56bfc062723c751e8b465ee728b)  -> (artifact id: '19c93c8a8b7c256d66664413d13abf0b') in 0.007406 seconds
  Import took 0.010037 seconds .

========================================================================
Received Import Request.
  Time since last request: 0.004545 seconds.
  path: Assets/Scenes
  artifactKey: Guid(822be055b88eb4836b6d26c6ee2ac1f6) Importer(815301076,1909f56bfc062723c751e8b465ee728b)
Start importing Assets/Scenes using Guid(822be055b88eb4836b6d26c6ee2ac1f6) Importer(815301076,1909f56bfc062723c751e8b465ee728b)  -> (artifact id: '19c93c8a8b7c256d66664413d13abf0b') in 0.004017 seconds
  Import took 0.006199 seconds .

========================================================================
Received Import Request.
  Time since last request: 1.036486 seconds.
  path: Assets/Scenes/Preface.unity
  artifactKey: Guid(9fc0d4010bbf28b4594072e72b8655ab) Importer(815301076,1909f56bfc062723c751e8b465ee728b)
Start importing Assets/Scenes/Preface.unity using Guid(9fc0d4010bbf28b4594072e72b8655ab) Importer(815301076,1909f56bfc062723c751e8b465ee728b)  -> (artifact id: 'f9dbe99bd5a76abbcb70f79daf2bbe6d') in 0.015062 seconds
  Import took 0.018184 seconds .

AssetImportWorkerClient::OnTransportError - code=2 error=End of file
