Using pre-set license

 COMMAND LINE ARGUMENTS:
/Applications/Unity/Hub/Editor/2020.2.1f1/Unity.app/Contents/MacOS/Unity
-adb2
-batchMode
-noUpm
-name
AssetImportWorker0
-projectPath
/Users/sylvaintran/Documents/GitHub/cart315-w2021/315_exercise1
-logFile
Logs/AssetImportWorker0.log
-srvPort
49585
Successfully changed project path to: /Users/sylvaintran/Documents/GitHub/cart315-w2021/315_exercise1
/Users/sylvaintran/Documents/GitHub/cart315-w2021/315_exercise1
Using Asset Import Pipeline V2.
Refreshing native plugins compatible for Editor in 22.60 ms, found 1 plugins.
Preloading 0 native plugins for Editor in 0.00 ms.
Initialize engine version: 2020.2.1f1 (270dd8c3da1c)
[Subsystems] Discovering subsystems at path /Applications/Unity/Hub/Editor/2020.2.1f1/Unity.app/Contents/Resources/UnitySubsystems
[Subsystems] Discovering subsystems at path /Users/sylvaintran/Documents/GitHub/cart315-w2021/315_exercise1/Assets
GfxDevice: creating device client; threaded=0
2021-01-27 08:50:15.031 Unity[980:19171] (null) preferred device: Apple M1 (high power)
2021-01-27 08:50:15.031 Unity[980:19171] Metal devices available: 1
2021-01-27 08:50:15.031 Unity[980:19171] 0: Apple M1 (high power)
2021-01-27 08:50:15.032 Unity[980:19171] Using device Apple M1 (high power)
Initializing Metal device caps: Apple M1
Initialize mono
Mono path[0] = '/Applications/Unity/Hub/Editor/2020.2.1f1/Unity.app/Contents/Managed'
Mono path[1] = '/Applications/Unity/Hub/Editor/2020.2.1f1/Unity.app/Contents/MonoBleedingEdge/lib/mono/unityjit'
Mono config path = '/Applications/Unity/Hub/Editor/2020.2.1f1/Unity.app/Contents/MonoBleedingEdge/etc'
Using monoOptions --debugger-agent=transport=dt_socket,embedding=1,server=y,suspend=n,address=127.0.0.1:56980
Begin MonoManager ReloadAssembly
Registering precompiled unity dll's ...
Register platform support module: /Applications/Unity/Hub/Editor/2020.2.1f1/PlaybackEngines/WebGLSupport/UnityEditor.WebGL.Extensions.dll
Register platform support module: /Applications/Unity/Hub/Editor/2020.2.1f1/Unity.app/Contents/PlaybackEngines/MacStandaloneSupport/UnityEditor.OSXStandalone.Extensions.dll
Registered in 0.001290 seconds.
Native extension for OSXStandalone target not found
Native extension for WebGL target not found
Refreshing native plugins compatible for Editor in 22.44 ms, found 1 plugins.
Preloading 0 native plugins for Editor in 0.00 ms.
Invoked RoslynAnalysisRunner static constructor.
RoslynAnalysisRunner will not be running.
RoslynAnalysisRunner has terminated.
Mono: successfully reloaded assembly
- Completed reload, in  1.775 seconds
Platform modules already initialized, skipping
Registering precompiled user dll's ...
Registered in 0.000223 seconds.
Begin MonoManager ReloadAssembly
Native extension for OSXStandalone target not found
Native extension for WebGL target not found
Refreshing native plugins compatible for Editor in 0.27 ms, found 1 plugins.
Preloading 0 native plugins for Editor in 0.00 ms.
Invoked RoslynAnalysisRunner static constructor.
RoslynAnalysisRunner will not be running.
RoslynAnalysisRunner has terminated.
Mono: successfully reloaded assembly
- Completed reload, in  1.751 seconds
Platform modules already initialized, skipping
========================================================================
Worker process is ready to serve import requests
Launching external process: /Applications/Unity/Hub/Editor/2020.2.1f1/Unity.app/Contents/Tools/UnityShaderCompiler
Launched and connected shader compiler UnityShaderCompiler after 0.05 seconds
Refreshing native plugins compatible for Editor in 0.24 ms, found 1 plugins.
Preloading 0 native plugins for Editor in 0.00 ms.
Unloading 1095 Unused Serialized files (Serialized files now loaded: 0)
System memory in use before: 108.1 MB.
System memory in use after: 108.2 MB.

Unloading 10 unused Assets to reduce memory usage. Loaded Objects now: 1536.
Total: 1.477042 ms (FindLiveObjects: 0.183708 ms CreateObjectMapping: 0.025458 ms MarkObjects: 1.193542 ms  DeleteObjects: 0.073209 ms)

========================================================================
Received Import Request.
  path: Assets/OrbitMouse.cs
  artifactKey: Guid(643a7e9ee81a64797a13fa6cde97e94a) Importer(815301076,1909f56bfc062723c751e8b465ee728b)
Start importing Assets/OrbitMouse.cs using Guid(643a7e9ee81a64797a13fa6cde97e94a) Importer(815301076,1909f56bfc062723c751e8b465ee728b)  -> (artifact id: 'cd1e5247d34daee8baf9b7bbc759690b') in 0.248304 seconds
  Import took 0.249851 seconds .

========================================================================
Received Import Request.
  Time since last request: 1061.939983 seconds.
  path: Assets/Scenes
  artifactKey: Guid(822be055b88eb4836b6d26c6ee2ac1f6) Importer(815301076,1909f56bfc062723c751e8b465ee728b)
Start importing Assets/Scenes using Guid(822be055b88eb4836b6d26c6ee2ac1f6) Importer(815301076,1909f56bfc062723c751e8b465ee728b)  -> (artifact id: '85f9d9d2a718c580b706d1ad14ccefb6') in 0.001400 seconds
  Import took 0.008360 seconds .

========================================================================
Received Prepare
Registering precompiled user dll's ...
Registered in 0.000312 seconds.
Begin MonoManager ReloadAssembly
Native extension for OSXStandalone target not found
Native extension for WebGL target not found
Refreshing native plugins compatible for Editor in 0.19 ms, found 1 plugins.
Preloading 0 native plugins for Editor in 0.00 ms.
Invoked RoslynAnalysisRunner static constructor.
RoslynAnalysisRunner will not be running.
RoslynAnalysisRunner has terminated.
Mono: successfully reloaded assembly
- Completed reload, in  1.742 seconds
Platform modules already initialized, skipping
Refreshing native plugins compatible for Editor in 0.15 ms, found 1 plugins.
Preloading 0 native plugins for Editor in 0.00 ms.
Unloading 1111 Unused Serialized files (Serialized files now loaded: 0)
System memory in use before: 113.3 MB.
System memory in use after: 113.4 MB.

Unloading 5 unused Assets to reduce memory usage. Loaded Objects now: 1559.
Total: 1.255833 ms (FindLiveObjects: 0.106833 ms CreateObjectMapping: 0.023292 ms MarkObjects: 1.089042 ms  DeleteObjects: 0.036041 ms)

========================================================================
Received Import Request.
  Time since last request: 61.150875 seconds.
  path: Assets/Mente Bacata
  artifactKey: Guid(5d786cf241853442aa8a432aaacd8ced) Importer(815301076,1909f56bfc062723c751e8b465ee728b)
Start importing Assets/Mente Bacata using Guid(5d786cf241853442aa8a432aaacd8ced) Importer(815301076,1909f56bfc062723c751e8b465ee728b)  -> (artifact id: '272c187cf6435320f5b9b3bab66b6aad') in 0.003925 seconds
  Import took 0.005282 seconds .

========================================================================
Received Import Request.
  Time since last request: 0.037031 seconds.
  path: Assets/Mente Bacata
  artifactKey: Guid(5d786cf241853442aa8a432aaacd8ced) Importer(815301076,1909f56bfc062723c751e8b465ee728b)
Start importing Assets/Mente Bacata using Guid(5d786cf241853442aa8a432aaacd8ced) Importer(815301076,1909f56bfc062723c751e8b465ee728b)  -> (artifact id: '272c187cf6435320f5b9b3bab66b6aad') in 0.000614 seconds
  Import took 0.002031 seconds .

========================================================================
Received Import Request.
  Time since last request: 1.640899 seconds.
  path: Assets/Mente Bacata/Scivolo Character Controller
  artifactKey: Guid(e60370a77069db147b026e160867b0b5) Importer(815301076,1909f56bfc062723c751e8b465ee728b)
Start importing Assets/Mente Bacata/Scivolo Character Controller using Guid(e60370a77069db147b026e160867b0b5) Importer(815301076,1909f56bfc062723c751e8b465ee728b)  -> (artifact id: 'ad52e0a5d03b6ffa487becc603a4289e') in 0.001263 seconds
  Import took 0.004547 seconds .

========================================================================
Received Import Request.
  Time since last request: 1.699738 seconds.
  path: Assets/Mente Bacata/Scivolo Character Controller/Demo
  artifactKey: Guid(a22778ccc2b96c440bc8ce54dbd096c3) Importer(815301076,1909f56bfc062723c751e8b465ee728b)
Start importing Assets/Mente Bacata/Scivolo Character Controller/Demo using Guid(a22778ccc2b96c440bc8ce54dbd096c3) Importer(815301076,1909f56bfc062723c751e8b465ee728b)  -> (artifact id: '1be2edf716b04e730b7286b0ecff2c34') in 0.001294 seconds
  Import took 0.004583 seconds .

========================================================================
Received Import Request.
  Time since last request: 1.214780 seconds.
  path: Assets/Mente Bacata/Scivolo Character Controller/Demo/Prefabs
  artifactKey: Guid(6d6c4cce036051943b0679ddfa2cebb9) Importer(815301076,1909f56bfc062723c751e8b465ee728b)
Start importing Assets/Mente Bacata/Scivolo Character Controller/Demo/Prefabs using Guid(6d6c4cce036051943b0679ddfa2cebb9) Importer(815301076,1909f56bfc062723c751e8b465ee728b)  -> (artifact id: 'ed3e963de29ba53a304be57e8290ad93') in 0.001123 seconds
  Import took 0.003509 seconds .

========================================================================
Received Import Request.
  Time since last request: 0.056380 seconds.
  path: Assets/Mente Bacata/Scivolo Character Controller/Demo/Prefabs/MyCharacter.prefab
  artifactKey: Guid(a84e11ee423eace4aac65d32b52ee82f) Importer(815301076,1909f56bfc062723c751e8b465ee728b)
Start importing Assets/Mente Bacata/Scivolo Character Controller/Demo/Prefabs/MyCharacter.prefab using Guid(a84e11ee423eace4aac65d32b52ee82f) Importer(815301076,1909f56bfc062723c751e8b465ee728b)  -> (artifact id: '9df5b9451d7ce2e3d53e36296911c899') in 0.786677 seconds
  Import took 0.788687 seconds .

========================================================================
Received Prepare
Registering precompiled user dll's ...
Registered in 0.000460 seconds.
Begin MonoManager ReloadAssembly
Native extension for OSXStandalone target not found
Native extension for WebGL target not found
Refreshing native plugins compatible for Editor in 0.18 ms, found 1 plugins.
Preloading 0 native plugins for Editor in 0.00 ms.
Invoked RoslynAnalysisRunner static constructor.
RoslynAnalysisRunner will not be running.
RoslynAnalysisRunner has terminated.
Mono: successfully reloaded assembly
- Completed reload, in  1.672 seconds
Platform modules already initialized, skipping
Refreshing native plugins compatible for Editor in 0.17 ms, found 1 plugins.
Preloading 0 native plugins for Editor in 0.00 ms.
Unloading 1111 Unused Serialized files (Serialized files now loaded: 0)
System memory in use before: 121.6 MB.
System memory in use after: 121.7 MB.

Unloading 6 unused Assets to reduce memory usage. Loaded Objects now: 1571.
Total: 1.248625 ms (FindLiveObjects: 0.104000 ms CreateObjectMapping: 0.022958 ms MarkObjects: 1.081209 ms  DeleteObjects: 0.039750 ms)

========================================================================
Received Prepare
Registering precompiled user dll's ...
Registered in 0.000311 seconds.
Begin MonoManager ReloadAssembly
Native extension for OSXStandalone target not found
Native extension for WebGL target not found
Refreshing native plugins compatible for Editor in 0.19 ms, found 1 plugins.
Preloading 0 native plugins for Editor in 0.00 ms.
Invoked RoslynAnalysisRunner static constructor.
RoslynAnalysisRunner will not be running.
RoslynAnalysisRunner has terminated.
Mono: successfully reloaded assembly
- Completed reload, in  1.752 seconds
Platform modules already initialized, skipping
Refreshing native plugins compatible for Editor in 0.18 ms, found 1 plugins.
Preloading 0 native plugins for Editor in 0.00 ms.
Unloading 1111 Unused Serialized files (Serialized files now loaded: 0)
System memory in use before: 122.0 MB.
System memory in use after: 122.1 MB.

Unloading 5 unused Assets to reduce memory usage. Loaded Objects now: 1573.
Total: 1.295333 ms (FindLiveObjects: 0.110167 ms CreateObjectMapping: 0.023083 ms MarkObjects: 1.119709 ms  DeleteObjects: 0.041667 ms)

========================================================================
Received Prepare
Registering precompiled user dll's ...
Registered in 0.000250 seconds.
Begin MonoManager ReloadAssembly
Native extension for OSXStandalone target not found
Native extension for WebGL target not found
Refreshing native plugins compatible for Editor in 0.24 ms, found 1 plugins.
Preloading 0 native plugins for Editor in 0.00 ms.
Invoked RoslynAnalysisRunner static constructor.
RoslynAnalysisRunner will not be running.
RoslynAnalysisRunner has terminated.
Mono: successfully reloaded assembly
- Completed reload, in  1.679 seconds
Platform modules already initialized, skipping
Refreshing native plugins compatible for Editor in 0.17 ms, found 1 plugins.
Preloading 0 native plugins for Editor in 0.00 ms.
Unloading 1111 Unused Serialized files (Serialized files now loaded: 0)
System memory in use before: 122.6 MB.
System memory in use after: 122.6 MB.

Unloading 5 unused Assets to reduce memory usage. Loaded Objects now: 1575.
Total: 5.604666 ms (FindLiveObjects: 0.159750 ms CreateObjectMapping: 0.024375 ms MarkObjects: 2.106667 ms  DeleteObjects: 3.312542 ms)

========================================================================
Received Prepare
Registering precompiled user dll's ...
Registered in 0.000283 seconds.
Begin MonoManager ReloadAssembly
Native extension for OSXStandalone target not found
Native extension for WebGL target not found
Refreshing native plugins compatible for Editor in 0.19 ms, found 1 plugins.
Preloading 0 native plugins for Editor in 0.00 ms.
Invoked RoslynAnalysisRunner static constructor.
RoslynAnalysisRunner will not be running.
RoslynAnalysisRunner has terminated.
Mono: successfully reloaded assembly
- Completed reload, in  1.703 seconds
Platform modules already initialized, skipping
Refreshing native plugins compatible for Editor in 0.18 ms, found 1 plugins.
Preloading 0 native plugins for Editor in 0.00 ms.
Unloading 1111 Unused Serialized files (Serialized files now loaded: 0)
System memory in use before: 123.0 MB.
System memory in use after: 123.1 MB.

Unloading 5 unused Assets to reduce memory usage. Loaded Objects now: 1577.
Total: 1.324000 ms (FindLiveObjects: 0.119125 ms CreateObjectMapping: 0.023708 ms MarkObjects: 1.133459 ms  DeleteObjects: 0.046625 ms)

========================================================================
Received Prepare
Registering precompiled user dll's ...
Registered in 0.000373 seconds.
Begin MonoManager ReloadAssembly
Native extension for OSXStandalone target not found
Native extension for WebGL target not found
Refreshing native plugins compatible for Editor in 0.22 ms, found 1 plugins.
Preloading 0 native plugins for Editor in 0.00 ms.
Invoked RoslynAnalysisRunner static constructor.
RoslynAnalysisRunner will not be running.
RoslynAnalysisRunner has terminated.
Mono: successfully reloaded assembly
- Completed reload, in  1.839 seconds
Platform modules already initialized, skipping
Refreshing native plugins compatible for Editor in 0.18 ms, found 1 plugins.
Preloading 0 native plugins for Editor in 0.00 ms.
Unloading 1111 Unused Serialized files (Serialized files now loaded: 0)
System memory in use before: 123.5 MB.
System memory in use after: 123.6 MB.

Unloading 5 unused Assets to reduce memory usage. Loaded Objects now: 1579.
Total: 3.163125 ms (FindLiveObjects: 0.424500 ms CreateObjectMapping: 0.031208 ms MarkObjects: 2.654084 ms  DeleteObjects: 0.052166 ms)

========================================================================
Received Import Request.
  Time since last request: 14755.724707 seconds.
  path: Assets/OrbitMouse.cs
  artifactKey: Guid(643a7e9ee81a64797a13fa6cde97e94a) Importer(815301076,1909f56bfc062723c751e8b465ee728b)
Start importing Assets/OrbitMouse.cs using Guid(643a7e9ee81a64797a13fa6cde97e94a) Importer(815301076,1909f56bfc062723c751e8b465ee728b)  -> (artifact id: '3f254228bc3731a3e145a9d9cd888ca3') in 0.056630 seconds
  Import took 0.062939 seconds .

========================================================================
Received Prepare
Registering precompiled user dll's ...
Registered in 0.000333 seconds.
Begin MonoManager ReloadAssembly
Native extension for OSXStandalone target not found
Native extension for WebGL target not found
Refreshing native plugins compatible for Editor in 0.28 ms, found 1 plugins.
Preloading 0 native plugins for Editor in 0.00 ms.
Invoked RoslynAnalysisRunner static constructor.
RoslynAnalysisRunner will not be running.
RoslynAnalysisRunner has terminated.
Mono: successfully reloaded assembly
- Completed reload, in  1.733 seconds
Platform modules already initialized, skipping
Refreshing native plugins compatible for Editor in 0.17 ms, found 1 plugins.
Preloading 0 native plugins for Editor in 0.00 ms.
Unloading 1111 Unused Serialized files (Serialized files now loaded: 0)
System memory in use before: 123.8 MB.
System memory in use after: 123.9 MB.

Unloading 5 unused Assets to reduce memory usage. Loaded Objects now: 1581.
Total: 1.392708 ms (FindLiveObjects: 0.115958 ms CreateObjectMapping: 0.026500 ms MarkObjects: 1.207583 ms  DeleteObjects: 0.041708 ms)

========================================================================
Received Import Request.
  Time since last request: 41.627252 seconds.
  path: Assets/OrbitMouse.cs
  artifactKey: Guid(643a7e9ee81a64797a13fa6cde97e94a) Importer(815301076,1909f56bfc062723c751e8b465ee728b)
Start importing Assets/OrbitMouse.cs using Guid(643a7e9ee81a64797a13fa6cde97e94a) Importer(815301076,1909f56bfc062723c751e8b465ee728b)  -> (artifact id: '3650c191f2518b8545d8af7704ae8f46') in 0.005379 seconds
  Import took 0.007926 seconds .

========================================================================
Received Import Request.
  Time since last request: 0.018010 seconds.
  path: Assets/OrbitMouse.cs
  artifactKey: Guid(643a7e9ee81a64797a13fa6cde97e94a) Importer(815301076,1909f56bfc062723c751e8b465ee728b)
Start importing Assets/OrbitMouse.cs using Guid(643a7e9ee81a64797a13fa6cde97e94a) Importer(815301076,1909f56bfc062723c751e8b465ee728b)  -> (artifact id: '3650c191f2518b8545d8af7704ae8f46') in 0.000894 seconds
  Import took 0.002629 seconds .

========================================================================
Received Prepare
Registering precompiled user dll's ...
Registered in 0.000337 seconds.
Begin MonoManager ReloadAssembly
Native extension for OSXStandalone target not found
Native extension for WebGL target not found
Refreshing native plugins compatible for Editor in 0.18 ms, found 1 plugins.
Preloading 0 native plugins for Editor in 0.00 ms.
Invoked RoslynAnalysisRunner static constructor.
RoslynAnalysisRunner will not be running.
RoslynAnalysisRunner has terminated.
Mono: successfully reloaded assembly
- Completed reload, in  1.660 seconds
Platform modules already initialized, skipping
Refreshing native plugins compatible for Editor in 0.17 ms, found 1 plugins.
Preloading 0 native plugins for Editor in 0.00 ms.
Unloading 1111 Unused Serialized files (Serialized files now loaded: 0)
System memory in use before: 123.4 MB.
System memory in use after: 123.5 MB.

Unloading 5 unused Assets to reduce memory usage. Loaded Objects now: 1583.
Total: 1.304500 ms (FindLiveObjects: 0.103959 ms CreateObjectMapping: 0.023417 ms MarkObjects: 1.128541 ms  DeleteObjects: 0.047459 ms)

========================================================================
Received Prepare
Registering precompiled user dll's ...
Registered in 0.000333 seconds.
Begin MonoManager ReloadAssembly
Native extension for OSXStandalone target not found
Native extension for WebGL target not found
Refreshing native plugins compatible for Editor in 0.22 ms, found 1 plugins.
Preloading 0 native plugins for Editor in 0.00 ms.
Invoked RoslynAnalysisRunner static constructor.
RoslynAnalysisRunner will not be running.
RoslynAnalysisRunner has terminated.
Mono: successfully reloaded assembly
- Completed reload, in  1.876 seconds
Platform modules already initialized, skipping
Refreshing native plugins compatible for Editor in 0.17 ms, found 1 plugins.
Preloading 0 native plugins for Editor in 0.00 ms.
Unloading 1111 Unused Serialized files (Serialized files now loaded: 0)
System memory in use before: 123.9 MB.
System memory in use after: 123.9 MB.

Unloading 5 unused Assets to reduce memory usage. Loaded Objects now: 1585.
Total: 1.687292 ms (FindLiveObjects: 0.181792 ms CreateObjectMapping: 0.027708 ms MarkObjects: 1.422250 ms  DeleteObjects: 0.054667 ms)

========================================================================
Received Prepare
Registering precompiled user dll's ...
Registered in 0.000284 seconds.
Begin MonoManager ReloadAssembly
Native extension for OSXStandalone target not found
Native extension for WebGL target not found
Refreshing native plugins compatible for Editor in 0.18 ms, found 1 plugins.
Preloading 0 native plugins for Editor in 0.00 ms.
Invoked RoslynAnalysisRunner static constructor.
RoslynAnalysisRunner will not be running.
RoslynAnalysisRunner has terminated.
Mono: successfully reloaded assembly
- Completed reload, in  1.858 seconds
Platform modules already initialized, skipping
Refreshing native plugins compatible for Editor in 0.18 ms, found 1 plugins.
Preloading 0 native plugins for Editor in 0.00 ms.
Unloading 1111 Unused Serialized files (Serialized files now loaded: 0)
System memory in use before: 124.3 MB.
System memory in use after: 124.4 MB.

Unloading 5 unused Assets to reduce memory usage. Loaded Objects now: 1587.
Total: 1.346625 ms (FindLiveObjects: 0.136041 ms CreateObjectMapping: 0.023875 ms MarkObjects: 1.137042 ms  DeleteObjects: 0.049000 ms)

========================================================================
Received Prepare
Registering precompiled user dll's ...
Registered in 0.000337 seconds.
Begin MonoManager ReloadAssembly
Native extension for OSXStandalone target not found
Native extension for WebGL target not found
Refreshing native plugins compatible for Editor in 0.25 ms, found 1 plugins.
Preloading 0 native plugins for Editor in 0.00 ms.
Invoked RoslynAnalysisRunner static constructor.
RoslynAnalysisRunner will not be running.
RoslynAnalysisRunner has terminated.
Mono: successfully reloaded assembly
- Completed reload, in  1.774 seconds
Platform modules already initialized, skipping
Refreshing native plugins compatible for Editor in 0.17 ms, found 1 plugins.
Preloading 0 native plugins for Editor in 0.00 ms.
Unloading 1111 Unused Serialized files (Serialized files now loaded: 0)
System memory in use before: 123.8 MB.
System memory in use after: 123.8 MB.

Unloading 5 unused Assets to reduce memory usage. Loaded Objects now: 1589.
Total: 1.313625 ms (FindLiveObjects: 0.111084 ms CreateObjectMapping: 0.023916 ms MarkObjects: 1.136709 ms  DeleteObjects: 0.041125 ms)

========================================================================
Received Prepare
Registering precompiled user dll's ...
Registered in 0.000230 seconds.
Begin MonoManager ReloadAssembly
Native extension for OSXStandalone target not found
Native extension for WebGL target not found
Refreshing native plugins compatible for Editor in 0.19 ms, found 1 plugins.
Preloading 0 native plugins for Editor in 0.00 ms.
Invoked RoslynAnalysisRunner static constructor.
RoslynAnalysisRunner will not be running.
RoslynAnalysisRunner has terminated.
Mono: successfully reloaded assembly
- Completed reload, in  1.636 seconds
Platform modules already initialized, skipping
Refreshing native plugins compatible for Editor in 0.17 ms, found 1 plugins.
Preloading 0 native plugins for Editor in 0.00 ms.
Unloading 1111 Unused Serialized files (Serialized files now loaded: 0)
System memory in use before: 124.2 MB.
System memory in use after: 124.3 MB.

Unloading 5 unused Assets to reduce memory usage. Loaded Objects now: 1591.
Total: 1.279500 ms (FindLiveObjects: 0.088500 ms CreateObjectMapping: 0.023416 ms MarkObjects: 1.122792 ms  DeleteObjects: 0.043667 ms)

========================================================================
Received Prepare
Registering precompiled user dll's ...
Registered in 0.000242 seconds.
Begin MonoManager ReloadAssembly
Native extension for OSXStandalone target not found
Native extension for WebGL target not found
Refreshing native plugins compatible for Editor in 0.18 ms, found 1 plugins.
Preloading 0 native plugins for Editor in 0.00 ms.
Invoked RoslynAnalysisRunner static constructor.
RoslynAnalysisRunner will not be running.
RoslynAnalysisRunner has terminated.
Mono: successfully reloaded assembly
- Completed reload, in  1.652 seconds
Platform modules already initialized, skipping
Refreshing native plugins compatible for Editor in 0.19 ms, found 1 plugins.
Preloading 0 native plugins for Editor in 0.00 ms.
Unloading 1111 Unused Serialized files (Serialized files now loaded: 0)
System memory in use before: 124.7 MB.
System memory in use after: 124.8 MB.

Unloading 5 unused Assets to reduce memory usage. Loaded Objects now: 1593.
Total: 1.343208 ms (FindLiveObjects: 0.093917 ms CreateObjectMapping: 0.023208 ms MarkObjects: 1.179875 ms  DeleteObjects: 0.045375 ms)

========================================================================
Received Prepare
Registering precompiled user dll's ...
Registered in 0.000333 seconds.
Begin MonoManager ReloadAssembly
Native extension for OSXStandalone target not found
Native extension for WebGL target not found
Refreshing native plugins compatible for Editor in 0.18 ms, found 1 plugins.
Preloading 0 native plugins for Editor in 0.00 ms.
Invoked RoslynAnalysisRunner static constructor.
RoslynAnalysisRunner will not be running.
RoslynAnalysisRunner has terminated.
Mono: successfully reloaded assembly
- Completed reload, in  1.729 seconds
Platform modules already initialized, skipping
Refreshing native plugins compatible for Editor in 0.17 ms, found 1 plugins.
Preloading 0 native plugins for Editor in 0.00 ms.
Unloading 1111 Unused Serialized files (Serialized files now loaded: 0)
System memory in use before: 125.0 MB.
System memory in use after: 125.1 MB.

Unloading 5 unused Assets to reduce memory usage. Loaded Objects now: 1595.
Total: 1.470250 ms (FindLiveObjects: 0.229542 ms CreateObjectMapping: 0.023791 ms MarkObjects: 1.175375 ms  DeleteObjects: 0.040709 ms)

========================================================================
Received Prepare
Registering precompiled user dll's ...
Registered in 0.000252 seconds.
Begin MonoManager ReloadAssembly
Native extension for OSXStandalone target not found
Native extension for WebGL target not found
Refreshing native plugins compatible for Editor in 0.19 ms, found 1 plugins.
Preloading 0 native plugins for Editor in 0.00 ms.
Invoked RoslynAnalysisRunner static constructor.
RoslynAnalysisRunner will not be running.
RoslynAnalysisRunner has terminated.
Mono: successfully reloaded assembly
- Completed reload, in  1.601 seconds
Platform modules already initialized, skipping
Refreshing native plugins compatible for Editor in 0.21 ms, found 1 plugins.
Preloading 0 native plugins for Editor in 0.00 ms.
Unloading 1111 Unused Serialized files (Serialized files now loaded: 0)
System memory in use before: 124.6 MB.
System memory in use after: 124.7 MB.

Unloading 5 unused Assets to reduce memory usage. Loaded Objects now: 1597.
Total: 1.322292 ms (FindLiveObjects: 0.105542 ms CreateObjectMapping: 0.023792 ms MarkObjects: 1.149125 ms  DeleteObjects: 0.042958 ms)

========================================================================
Received Prepare
Registering precompiled user dll's ...
Registered in 0.000255 seconds.
Begin MonoManager ReloadAssembly
Native extension for OSXStandalone target not found
Native extension for WebGL target not found
Refreshing native plugins compatible for Editor in 0.19 ms, found 1 plugins.
Preloading 0 native plugins for Editor in 0.00 ms.
Invoked RoslynAnalysisRunner static constructor.
RoslynAnalysisRunner will not be running.
RoslynAnalysisRunner has terminated.
Mono: successfully reloaded assembly
- Completed reload, in  1.655 seconds
Platform modules already initialized, skipping
Refreshing native plugins compatible for Editor in 0.17 ms, found 1 plugins.
Preloading 0 native plugins for Editor in 0.00 ms.
Unloading 1111 Unused Serialized files (Serialized files now loaded: 0)
System memory in use before: 125.0 MB.
System memory in use after: 125.1 MB.

Unloading 5 unused Assets to reduce memory usage. Loaded Objects now: 1599.
Total: 1.299791 ms (FindLiveObjects: 0.105792 ms CreateObjectMapping: 0.023500 ms MarkObjects: 1.129459 ms  DeleteObjects: 0.040084 ms)

========================================================================
Received Prepare
Registering precompiled user dll's ...
Registered in 0.000282 seconds.
Begin MonoManager ReloadAssembly
Native extension for OSXStandalone target not found
Native extension for WebGL target not found
Refreshing native plugins compatible for Editor in 0.26 ms, found 1 plugins.
Preloading 0 native plugins for Editor in 0.00 ms.
Invoked RoslynAnalysisRunner static constructor.
RoslynAnalysisRunner will not be running.
RoslynAnalysisRunner has terminated.
Mono: successfully reloaded assembly
- Completed reload, in  1.764 seconds
Platform modules already initialized, skipping
Refreshing native plugins compatible for Editor in 0.18 ms, found 1 plugins.
Preloading 0 native plugins for Editor in 0.00 ms.
Unloading 1111 Unused Serialized files (Serialized files now loaded: 0)
System memory in use before: 125.5 MB.
System memory in use after: 125.6 MB.

Unloading 5 unused Assets to reduce memory usage. Loaded Objects now: 1601.
Total: 1.392125 ms (FindLiveObjects: 0.161542 ms CreateObjectMapping: 0.026625 ms MarkObjects: 1.149750 ms  DeleteObjects: 0.053250 ms)

========================================================================
Received Prepare
Registering precompiled user dll's ...
Registered in 0.000244 seconds.
Begin MonoManager ReloadAssembly
Native extension for OSXStandalone target not found
Native extension for WebGL target not found
Refreshing native plugins compatible for Editor in 0.19 ms, found 1 plugins.
Preloading 0 native plugins for Editor in 0.00 ms.
Invoked RoslynAnalysisRunner static constructor.
RoslynAnalysisRunner will not be running.
RoslynAnalysisRunner has terminated.
Mono: successfully reloaded assembly
- Completed reload, in  1.609 seconds
Platform modules already initialized, skipping
Refreshing native plugins compatible for Editor in 0.17 ms, found 1 plugins.
Preloading 0 native plugins for Editor in 0.00 ms.
Unloading 1111 Unused Serialized files (Serialized files now loaded: 0)
System memory in use before: 125.8 MB.
System memory in use after: 125.8 MB.

Unloading 5 unused Assets to reduce memory usage. Loaded Objects now: 1603.
Total: 1.309333 ms (FindLiveObjects: 0.091583 ms CreateObjectMapping: 0.023834 ms MarkObjects: 1.150291 ms  DeleteObjects: 0.042708 ms)

========================================================================
Received Prepare
Registering precompiled user dll's ...
Registered in 0.000324 seconds.
Begin MonoManager ReloadAssembly
Native extension for OSXStandalone target not found
Native extension for WebGL target not found
Refreshing native plugins compatible for Editor in 0.19 ms, found 1 plugins.
Preloading 0 native plugins for Editor in 0.00 ms.
Invoked RoslynAnalysisRunner static constructor.
RoslynAnalysisRunner will not be running.
RoslynAnalysisRunner has terminated.
Mono: successfully reloaded assembly
- Completed reload, in  1.795 seconds
Platform modules already initialized, skipping
Refreshing native plugins compatible for Editor in 0.18 ms, found 1 plugins.
Preloading 0 native plugins for Editor in 0.00 ms.
Unloading 1111 Unused Serialized files (Serialized files now loaded: 0)
System memory in use before: 125.4 MB.
System memory in use after: 125.5 MB.

Unloading 5 unused Assets to reduce memory usage. Loaded Objects now: 1605.
Total: 1.364417 ms (FindLiveObjects: 0.129250 ms CreateObjectMapping: 0.024250 ms MarkObjects: 1.165875 ms  DeleteObjects: 0.043917 ms)

========================================================================
Received Prepare
Registering precompiled user dll's ...
Registered in 0.000308 seconds.
Begin MonoManager ReloadAssembly
Native extension for OSXStandalone target not found
Native extension for WebGL target not found
Refreshing native plugins compatible for Editor in 0.19 ms, found 1 plugins.
Preloading 0 native plugins for Editor in 0.00 ms.
Invoked RoslynAnalysisRunner static constructor.
RoslynAnalysisRunner will not be running.
RoslynAnalysisRunner has terminated.
Mono: successfully reloaded assembly
- Completed reload, in  1.707 seconds
Platform modules already initialized, skipping
Refreshing native plugins compatible for Editor in 0.17 ms, found 1 plugins.
Preloading 0 native plugins for Editor in 0.00 ms.
Unloading 1111 Unused Serialized files (Serialized files now loaded: 0)
System memory in use before: 125.9 MB.
System memory in use after: 125.9 MB.

Unloading 5 unused Assets to reduce memory usage. Loaded Objects now: 1607.
Total: 1.324667 ms (FindLiveObjects: 0.119000 ms CreateObjectMapping: 0.023750 ms MarkObjects: 1.139917 ms  DeleteObjects: 0.040916 ms)

========================================================================
Received Prepare
Registering precompiled user dll's ...
Registered in 0.000236 seconds.
Begin MonoManager ReloadAssembly
Native extension for OSXStandalone target not found
Native extension for WebGL target not found
Refreshing native plugins compatible for Editor in 0.18 ms, found 1 plugins.
Preloading 0 native plugins for Editor in 0.00 ms.
Invoked RoslynAnalysisRunner static constructor.
RoslynAnalysisRunner will not be running.
RoslynAnalysisRunner has terminated.
Mono: successfully reloaded assembly
- Completed reload, in  1.641 seconds
Platform modules already initialized, skipping
Refreshing native plugins compatible for Editor in 0.17 ms, found 1 plugins.
Preloading 0 native plugins for Editor in 0.00 ms.
Unloading 1111 Unused Serialized files (Serialized files now loaded: 0)
System memory in use before: 126.3 MB.
System memory in use after: 126.4 MB.

Unloading 5 unused Assets to reduce memory usage. Loaded Objects now: 1609.
Total: 1.304000 ms (FindLiveObjects: 0.088875 ms CreateObjectMapping: 0.023042 ms MarkObjects: 1.151500 ms  DeleteObjects: 0.039875 ms)

========================================================================
Received Prepare
Registering precompiled user dll's ...
Registered in 0.000237 seconds.
Begin MonoManager ReloadAssembly
Native extension for OSXStandalone target not found
Native extension for WebGL target not found
Refreshing native plugins compatible for Editor in 0.19 ms, found 1 plugins.
Preloading 0 native plugins for Editor in 0.00 ms.
Invoked RoslynAnalysisRunner static constructor.
RoslynAnalysisRunner will not be running.
RoslynAnalysisRunner has terminated.
Mono: successfully reloaded assembly
- Completed reload, in  1.596 seconds
Platform modules already initialized, skipping
Refreshing native plugins compatible for Editor in 0.18 ms, found 1 plugins.
Preloading 0 native plugins for Editor in 0.00 ms.
Unloading 1111 Unused Serialized files (Serialized files now loaded: 0)
System memory in use before: 125.8 MB.
System memory in use after: 125.9 MB.

Unloading 5 unused Assets to reduce memory usage. Loaded Objects now: 1611.
Total: 1.304791 ms (FindLiveObjects: 0.085459 ms CreateObjectMapping: 0.023417 ms MarkObjects: 1.153166 ms  DeleteObjects: 0.041750 ms)

========================================================================
Received Prepare
Registering precompiled user dll's ...
Registered in 0.000334 seconds.
Begin MonoManager ReloadAssembly
Native extension for OSXStandalone target not found
Native extension for WebGL target not found
Refreshing native plugins compatible for Editor in 0.19 ms, found 1 plugins.
Preloading 0 native plugins for Editor in 0.00 ms.
Invoked RoslynAnalysisRunner static constructor.
RoslynAnalysisRunner will not be running.
RoslynAnalysisRunner has terminated.
Mono: successfully reloaded assembly
- Completed reload, in  1.610 seconds
Platform modules already initialized, skipping
Refreshing native plugins compatible for Editor in 0.18 ms, found 1 plugins.
Preloading 0 native plugins for Editor in 0.00 ms.
Unloading 1111 Unused Serialized files (Serialized files now loaded: 0)
System memory in use before: 126.2 MB.
System memory in use after: 126.3 MB.

Unloading 5 unused Assets to reduce memory usage. Loaded Objects now: 1613.
Total: 1.313333 ms (FindLiveObjects: 0.099000 ms CreateObjectMapping: 0.023667 ms MarkObjects: 1.147333 ms  DeleteObjects: 0.042584 ms)

