Using pre-set license
Built from '2020.2/release' branch; Version is '2020.2.1f1 (270dd8c3da1c) revision 2559448'; Using compiler version '192528614'; Build Type 'Release'
OS: 'Windows 10  (10.0.0) 64bit' Language: 'en' Physical Memory: 16327 MB
BatchMode: 1, IsHumanControllingUs: 0, StartBugReporterOnCrash: 0, Is64bit: 1, IsPro: 0

 COMMAND LINE ARGUMENTS:
E:\Unity\Hub\Editor\2020.2.1f1\Editor\Unity.exe
-adb2
-batchMode
-noUpm
-name
AssetImportWorker0
-projectPath
C:/Users/Sylvain Serey/Desktop/cart315-w2021/prototype_1_aliceinwonderlanderror
-logFile
Logs/AssetImportWorker0.log
-srvPort
2920
Successfully changed project path to: C:/Users/Sylvain Serey/Desktop/cart315-w2021/prototype_1_aliceinwonderlanderror
C:/Users/Sylvain Serey/Desktop/cart315-w2021/prototype_1_aliceinwonderlanderror
Using Asset Import Pipeline V2.
Refreshing native plugins compatible for Editor in 37.30 ms, found 0 plugins.
Preloading 0 native plugins for Editor in 0.00 ms.
Initialize engine version: 2020.2.1f1 (270dd8c3da1c)
[Subsystems] Discovering subsystems at path E:/Unity/Hub/Editor/2020.2.1f1/Editor/Data/Resources/UnitySubsystems
[Subsystems] Discovering subsystems at path C:/Users/Sylvain Serey/Desktop/cart315-w2021/prototype_1_aliceinwonderlanderror/Assets
GfxDevice: creating device client; threaded=0
Direct3D:
    Version:  Direct3D 11.0 [level 11.1]
    Renderer: NVIDIA GeForce GTX 1070 (ID=0x1b81)
    Vendor:   
    VRAM:     8088 MB
    Driver:   27.21.14.5671
Initialize mono
Mono path[0] = 'E:/Unity/Hub/Editor/2020.2.1f1/Editor/Data/Managed'
Mono path[1] = 'E:/Unity/Hub/Editor/2020.2.1f1/Editor/Data/MonoBleedingEdge/lib/mono/unityjit'
Mono config path = 'E:/Unity/Hub/Editor/2020.2.1f1/Editor/Data/MonoBleedingEdge/etc'
Using monoOptions --debugger-agent=transport=dt_socket,embedding=1,server=y,suspend=n,address=127.0.0.1:56636
Begin MonoManager ReloadAssembly
Registering precompiled unity dll's ...
Register platform support module: E:/Unity/Hub/Editor/2020.2.1f1/Editor/Data/PlaybackEngines/WebGLSupport/UnityEditor.WebGL.Extensions.dll
Register platform support module: E:/Unity/Hub/Editor/2020.2.1f1/Editor/Data/PlaybackEngines/WindowsStandaloneSupport/UnityEditor.WindowsStandalone.Extensions.dll
Registered in 0.002153 seconds.
Native extension for WindowsStandalone target not found
Native extension for WebGL target not found
Refreshing native plugins compatible for Editor in 32.32 ms, found 0 plugins.
Preloading 0 native plugins for Editor in 0.00 ms.
Unable to find bridge dll in registry for Microsoft Visual Studio Tools for Unity for C:/Program Files (x86)/Microsoft Visual Studio/2019/Community/Common7/IDE/devenv.exe
Invoked RoslynAnalysisRunner static constructor.
RoslynAnalysisRunner will not be running.
RoslynAnalysisRunner has terminated.
Mono: successfully reloaded assembly
- Completed reload, in  1.251 seconds
Platform modules already initialized, skipping
Registering precompiled user dll's ...
Registered in 0.000809 seconds.
Begin MonoManager ReloadAssembly
Native extension for WindowsStandalone target not found
Native extension for WebGL target not found
Refreshing native plugins compatible for Editor in 0.25 ms, found 0 plugins.
Preloading 0 native plugins for Editor in 0.00 ms.
Invoked RoslynAnalysisRunner static constructor.
RoslynAnalysisRunner will not be running.
RoslynAnalysisRunner has terminated.
Mono: successfully reloaded assembly
- Completed reload, in  1.017 seconds
Platform modules already initialized, skipping
========================================================================
Worker process is ready to serve import requests
Launched and connected shader compiler UnityShaderCompiler.exe after 0.05 seconds
Refreshing native plugins compatible for Editor in 0.24 ms, found 0 plugins.
Preloading 0 native plugins for Editor in 0.00 ms.
Unloading 1505 Unused Serialized files (Serialized files now loaded: 0)
System memory in use before: 74.6 MB.
System memory in use after: 74.6 MB.

Unloading 67 unused Assets to reduce memory usage. Loaded Objects now: 1942.
Total: 2.270800 ms (FindLiveObjects: 0.263800 ms CreateObjectMapping: 0.142100 ms MarkObjects: 1.693300 ms  DeleteObjects: 0.169800 ms)

========================================================================
Received Import Request.
  path: Assets/Scenes
  artifactKey: Guid(822be055b88eb4836b6d26c6ee2ac1f6) Importer(815301076,1909f56bfc062723c751e8b465ee728b)
Start importing Assets/Scenes using Guid(822be055b88eb4836b6d26c6ee2ac1f6) Importer(815301076,1909f56bfc062723c751e8b465ee728b)  -> (artifact id: '19c93c8a8b7c256d66664413d13abf0b') in 0.009401 seconds
  Import took 0.011627 seconds .

========================================================================
Received Import Request.
  Time since last request: 0.000310 seconds.
  path: Assets/Scenes/Preface.unity
  artifactKey: Guid(9fc0d4010bbf28b4594072e72b8655ab) Importer(815301076,1909f56bfc062723c751e8b465ee728b)
Start importing Assets/Scenes/Preface.unity using Guid(9fc0d4010bbf28b4594072e72b8655ab) Importer(815301076,1909f56bfc062723c751e8b465ee728b)  -> (artifact id: 'b4dcc939c9a16749ec739c8c35c688d3') in 0.008168 seconds
  Import took 0.010114 seconds .

========================================================================
Received Import Request.
  Time since last request: 4.649052 seconds.
  path: Assets/Scenes/HorizontalWonderland.unity
  artifactKey: Guid(36531d2d1cb384339bc484e700b770de) Importer(815301076,1909f56bfc062723c751e8b465ee728b)
Start importing Assets/Scenes/HorizontalWonderland.unity using Guid(36531d2d1cb384339bc484e700b770de) Importer(815301076,1909f56bfc062723c751e8b465ee728b)  -> (artifact id: '7338d6a25532687b2c0dc85a1f4eebb2') in 0.009792 seconds
  Import took 0.012604 seconds .

========================================================================
Received Import Request.
  Time since last request: 1.181710 seconds.
  path: Assets/Scenes/FreeFormWonderlandRaycastBuildOnPoint.unity
  artifactKey: Guid(f5206c23ac2844ae6ba6404e580ccfaa) Importer(815301076,1909f56bfc062723c751e8b465ee728b)
Start importing Assets/Scenes/FreeFormWonderlandRaycastBuildOnPoint.unity using Guid(f5206c23ac2844ae6ba6404e580ccfaa) Importer(815301076,1909f56bfc062723c751e8b465ee728b)  -> (artifact id: '308802c1c519f0bc3be27cf76a9af06c') in 0.009508 seconds
  Import took 0.011908 seconds .

========================================================================
Received Import Request.
  Time since last request: 0.929438 seconds.
  path: Assets/Scenes/FreeFormWonderlandRaycasBuild2.unity
  artifactKey: Guid(e8b007bfb3c7042df96edaba4b2da95c) Importer(815301076,1909f56bfc062723c751e8b465ee728b)
Start importing Assets/Scenes/FreeFormWonderlandRaycasBuild2.unity using Guid(e8b007bfb3c7042df96edaba4b2da95c) Importer(815301076,1909f56bfc062723c751e8b465ee728b)  -> (artifact id: '748b0a42eb0139e51fd4234fbc77d4a3') in 0.011853 seconds
  Import took 0.014621 seconds .

========================================================================
Received Import Request.
  Time since last request: 0.870079 seconds.
  path: Assets/Scenes/FreeFormWonderlandCollision2.unity
  artifactKey: Guid(6f045059f2a0946d6a1f201800d20d66) Importer(815301076,1909f56bfc062723c751e8b465ee728b)
Start importing Assets/Scenes/FreeFormWonderlandCollision2.unity using Guid(6f045059f2a0946d6a1f201800d20d66) Importer(815301076,1909f56bfc062723c751e8b465ee728b)  -> (artifact id: '4c6ebb6a314c981279fd8e2a7ebe4074') in 0.013517 seconds
  Import took 0.016212 seconds .

========================================================================
Received Import Request.
  Time since last request: 0.696654 seconds.
  path: Assets/Scenes/FreeFormWonderlandCollision.unity
  artifactKey: Guid(427864c6dfc0946afbb6f8f8940988e5) Importer(815301076,1909f56bfc062723c751e8b465ee728b)
Start importing Assets/Scenes/FreeFormWonderlandCollision.unity using Guid(427864c6dfc0946afbb6f8f8940988e5) Importer(815301076,1909f56bfc062723c751e8b465ee728b)  -> (artifact id: 'dc4f2a031c3cbc0223e32df8efb8ee62') in 0.011225 seconds
  Import took 0.014297 seconds .

========================================================================
Received Prepare
Refreshing native plugins compatible for Editor in 1.00 ms, found 0 plugins.
Preloading 0 native plugins for Editor in 0.00 ms.
Unloading 3 Unused Serialized files (Serialized files now loaded: 0)
System memory in use before: 42.3 MB.
System memory in use after: 42.4 MB.

Unloading 3 unused Assets to reduce memory usage. Loaded Objects now: 1942.
Total: 5.825500 ms (FindLiveObjects: 0.624400 ms CreateObjectMapping: 0.275900 ms MarkObjects: 4.829600 ms  DeleteObjects: 0.074300 ms)

========================================================================
Received Prepare
Refreshing native plugins compatible for Editor in 4.10 ms, found 0 plugins.
Preloading 0 native plugins for Editor in 0.00 ms.
Unloading 3 Unused Serialized files (Serialized files now loaded: 0)
System memory in use before: 42.6 MB.
System memory in use after: 42.7 MB.

Unloading 3 unused Assets to reduce memory usage. Loaded Objects now: 1942.
Total: 5.943900 ms (FindLiveObjects: 0.856700 ms CreateObjectMapping: 0.678000 ms MarkObjects: 4.345200 ms  DeleteObjects: 0.060700 ms)

========================================================================
Received Import Request.
  Time since last request: 987.103087 seconds.
  path: Assets/Scenes/FreeFormWonderlandCollision.unity
  artifactKey: Guid(427864c6dfc0946afbb6f8f8940988e5) Importer(815301076,1909f56bfc062723c751e8b465ee728b)
Start importing Assets/Scenes/FreeFormWonderlandCollision.unity using Guid(427864c6dfc0946afbb6f8f8940988e5) Importer(815301076,1909f56bfc062723c751e8b465ee728b)  -> (artifact id: 'c5c8c195f786aab3533ddf24714a478c') in 0.009413 seconds
  Import took 0.011732 seconds .

========================================================================
Received Import Request.
  Time since last request: 4.592552 seconds.
  path: Assets/Scenes/FreeFormWonderland.unity
  artifactKey: Guid(67f5e8c8bf30449bcb96a1657819a875) Importer(815301076,1909f56bfc062723c751e8b465ee728b)
Start importing Assets/Scenes/FreeFormWonderland.unity using Guid(67f5e8c8bf30449bcb96a1657819a875) Importer(815301076,1909f56bfc062723c751e8b465ee728b)  -> (artifact id: 'd050bcf2e8e925af788f1680aff96c99') in 0.013770 seconds
  Import took 0.016747 seconds .

========================================================================
Received Import Request.
  Time since last request: 23.345420 seconds.
  path: Assets/Scenes/FreeFormWonderlandRaycastBuildOnPoint.unity
  artifactKey: Guid(f5206c23ac2844ae6ba6404e580ccfaa) Importer(815301076,1909f56bfc062723c751e8b465ee728b)
Start importing Assets/Scenes/FreeFormWonderlandRaycastBuildOnPoint.unity using Guid(f5206c23ac2844ae6ba6404e580ccfaa) Importer(815301076,1909f56bfc062723c751e8b465ee728b)  -> (artifact id: '305b561473b0b367ddec32ae29ef1844') in 0.006409 seconds
  Import took 0.009135 seconds .

========================================================================
Received Import Request.
  Time since last request: 0.833672 seconds.
  path: Assets/Scenes/HorizontalWonderland.unity
  artifactKey: Guid(36531d2d1cb384339bc484e700b770de) Importer(815301076,1909f56bfc062723c751e8b465ee728b)
Start importing Assets/Scenes/HorizontalWonderland.unity using Guid(36531d2d1cb384339bc484e700b770de) Importer(815301076,1909f56bfc062723c751e8b465ee728b)  -> (artifact id: '0aa78b6435e10691f6688e8e78071440') in 0.008549 seconds
  Import took 0.010874 seconds .

========================================================================
Received Import Request.
  Time since last request: 4.096757 seconds.
  path: Assets/Scenes/FreeFormWonderlandCollision2.unity
  artifactKey: Guid(6f045059f2a0946d6a1f201800d20d66) Importer(815301076,1909f56bfc062723c751e8b465ee728b)
Start importing Assets/Scenes/FreeFormWonderlandCollision2.unity using Guid(6f045059f2a0946d6a1f201800d20d66) Importer(815301076,1909f56bfc062723c751e8b465ee728b)  -> (artifact id: '76a6b9e3c0032b23a074d3609883ee51') in 0.005921 seconds
  Import took 0.008631 seconds .

========================================================================
Received Import Request.
  Time since last request: 1.775993 seconds.
  path: Assets/Scenes/FreeFormWonderland.unity
  artifactKey: Guid(67f5e8c8bf30449bcb96a1657819a875) Importer(815301076,1909f56bfc062723c751e8b465ee728b)
Start importing Assets/Scenes/FreeFormWonderland.unity using Guid(67f5e8c8bf30449bcb96a1657819a875) Importer(815301076,1909f56bfc062723c751e8b465ee728b)  -> (artifact id: '55b22a85851bd518b61e921dc42f191d') in 0.004378 seconds
  Import took 0.007200 seconds .

========================================================================
Received Import Request.
  Time since last request: 0.000823 seconds.
  path: Assets/Scenes/FreeFormWonderland.unity
  artifactKey: Guid(67f5e8c8bf30449bcb96a1657819a875) Importer(815301076,1909f56bfc062723c751e8b465ee728b)
Start importing Assets/Scenes/FreeFormWonderland.unity using Guid(67f5e8c8bf30449bcb96a1657819a875) Importer(815301076,1909f56bfc062723c751e8b465ee728b)  -> (artifact id: '55b22a85851bd518b61e921dc42f191d') in 0.004922 seconds
  Import took 0.007411 seconds .

========================================================================
Received Import Request.
  Time since last request: 3.894054 seconds.
  path: Assets/Scenes/Preface.unity
  artifactKey: Guid(9fc0d4010bbf28b4594072e72b8655ab) Importer(815301076,1909f56bfc062723c751e8b465ee728b)
Start importing Assets/Scenes/Preface.unity using Guid(9fc0d4010bbf28b4594072e72b8655ab) Importer(815301076,1909f56bfc062723c751e8b465ee728b)  -> (artifact id: 'f9a25bf0b04c7a33ea3c44cd9d815121') in 0.023329 seconds
  Import took 0.027987 seconds .

AssetImportWorkerClient::OnTransportError - code=2 error=End of file
