Using pre-set license
Built from '2020.2/release' branch; Version is '2020.2.0f1 (3721df5a8b28) revision 3613151'; Using compiler version '192528614'; Build Type 'Release'
OS: 'Windows 10  (10.0.0) 64bit' Language: 'en' Physical Memory: 16327 MB
BatchMode: 1, IsHumanControllingUs: 0, StartBugReporterOnCrash: 0, Is64bit: 1, IsPro: 0

 COMMAND LINE ARGUMENTS:
E:\Unity\Hub\Editor\2020.2.0f1\Editor\Unity.exe
-adb2
-batchMode
-noUpm
-name
AssetImportWorker0
-projectPath
C:/Users/Sylvain Serey/Desktop/cart315-limited-scope-introduction-project/Cart 315 - Limited scope introduction project
-logFile
Logs/AssetImportWorker0.log
-srvPort
14219
Successfully changed project path to: C:/Users/Sylvain Serey/Desktop/cart315-limited-scope-introduction-project/Cart 315 - Limited scope introduction project
C:/Users/Sylvain Serey/Desktop/cart315-limited-scope-introduction-project/Cart 315 - Limited scope introduction project
Using Asset Import Pipeline V2.
Refreshing native plugins compatible for Editor in 31.56 ms, found 0 plugins.
Preloading 0 native plugins for Editor in 0.00 ms.
Initialize engine version: 2020.2.0f1 (3721df5a8b28)
[Subsystems] Discovering subsystems at path E:/Unity/Hub/Editor/2020.2.0f1/Editor/Data/Resources/UnitySubsystems
[Subsystems] Discovering subsystems at path C:/Users/Sylvain Serey/Desktop/cart315-limited-scope-introduction-project/Cart 315 - Limited scope introduction project/Assets
GfxDevice: creating device client; threaded=0
Direct3D:
    Version:  Direct3D 11.0 [level 11.1]
    Renderer: NVIDIA GeForce GTX 1070 (ID=0x1b81)
    Vendor:   
    VRAM:     8088 MB
    Driver:   27.21.14.5671
Initialize mono
Mono path[0] = 'E:/Unity/Hub/Editor/2020.2.0f1/Editor/Data/Managed'
Mono path[1] = 'E:/Unity/Hub/Editor/2020.2.0f1/Editor/Data/MonoBleedingEdge/lib/mono/unityjit'
Mono config path = 'E:/Unity/Hub/Editor/2020.2.0f1/Editor/Data/MonoBleedingEdge/etc'
Using monoOptions --debugger-agent=transport=dt_socket,embedding=1,server=y,suspend=n,address=127.0.0.1:56268
Begin MonoManager ReloadAssembly
Registering precompiled unity dll's ...
Register platform support module: E:/Unity/Hub/Editor/2020.2.0f1/Editor/Data/PlaybackEngines/WebGLSupport/UnityEditor.WebGL.Extensions.dll
Register platform support module: E:/Unity/Hub/Editor/2020.2.0f1/Editor/Data/PlaybackEngines/MacStandaloneSupport/UnityEditor.OSXStandalone.Extensions.dll
Register platform support module: E:/Unity/Hub/Editor/2020.2.0f1/Editor/Data/PlaybackEngines/WindowsStandaloneSupport/UnityEditor.WindowsStandalone.Extensions.dll
Registered in 0.002773 seconds.
Native extension for WindowsStandalone target not found
Native extension for OSXStandalone target not found
Native extension for WebGL target not found
Refreshing native plugins compatible for Editor in 26.85 ms, found 0 plugins.
Preloading 0 native plugins for Editor in 0.00 ms.
Invoked RoslynAnalysisRunner static constructor.
RoslynAnalysisRunner will not be running.
RoslynAnalysisRunner has terminated.
Mono: successfully reloaded assembly
- Completed reload, in  1.394 seconds
Platform modules already initialized, skipping
Registering precompiled user dll's ...
Registered in 0.001257 seconds.
Begin MonoManager ReloadAssembly
Native extension for WindowsStandalone target not found
Native extension for OSXStandalone target not found
Native extension for WebGL target not found
Refreshing native plugins compatible for Editor in 0.24 ms, found 0 plugins.
Preloading 0 native plugins for Editor in 0.00 ms.
Invoked RoslynAnalysisRunner static constructor.
RoslynAnalysisRunner will not be running.
RoslynAnalysisRunner has terminated.
Mono: successfully reloaded assembly
- Completed reload, in  1.467 seconds
Platform modules already initialized, skipping
========================================================================
Worker process is ready to serve import requests
Launched and connected shader compiler UnityShaderCompiler.exe after 0.05 seconds
Refreshing native plugins compatible for Editor in 0.26 ms, found 0 plugins.
Preloading 0 native plugins for Editor in 0.00 ms.
Unloading 1627 Unused Serialized files (Serialized files now loaded: 0)
System memory in use before: 79.6 MB.
System memory in use after: 79.7 MB.

Unloading 11 unused Assets to reduce memory usage. Loaded Objects now: 2068.
Total: 2.410800 ms (FindLiveObjects: 0.209900 ms CreateObjectMapping: 0.090700 ms MarkObjects: 2.062600 ms  DeleteObjects: 0.046500 ms)

========================================================================
Received Import Request.
  path: Assets/Sheepherd_Bar_TEXTURES_0006.blend
  artifactKey: Guid(fe0d46dadce123f408722fc7e22b4fe4) Importer(815301076,1909f56bfc062723c751e8b465ee728b)
Start importing Assets/Sheepherd_Bar_TEXTURES_0006.blend using Guid(fe0d46dadce123f408722fc7e22b4fe4) Importer(815301076,1909f56bfc062723c751e8b465ee728b)  -> (artifact id: 'dd6b168b679591aac65994ad51ab860c') in 1.463626 seconds
  Import took 1.467937 seconds .

========================================================================
Received Import Request.
  Time since last request: 0.000561 seconds.
  path: Assets/Green.mat
  artifactKey: Guid(7060e3c5047794a599fb6272366e83ba) Importer(815301076,1909f56bfc062723c751e8b465ee728b)
Start importing Assets/Green.mat using Guid(7060e3c5047794a599fb6272366e83ba) Importer(815301076,1909f56bfc062723c751e8b465ee728b)  -> (artifact id: 'cbacc4a1f32d1c0886b2c1fad05ff0a2') in 0.038696 seconds
  Import took 0.044728 seconds .

========================================================================
Received Import Request.
  Time since last request: 0.000217 seconds.
  path: Assets/Beer Plant.prefab
  artifactKey: Guid(9da2d2d7e9d4a446f85467b049170bd7) Importer(815301076,1909f56bfc062723c751e8b465ee728b)
Start importing Assets/Beer Plant.prefab using Guid(9da2d2d7e9d4a446f85467b049170bd7) Importer(815301076,1909f56bfc062723c751e8b465ee728b)  -> (artifact id: 'eb33575d30645e14fe77892428363f3e') in 0.038259 seconds
  Import took 0.044997 seconds .

========================================================================
Received Import Request.
  Time since last request: 0.000307 seconds.
  path: Assets/Sheepherd_Bar_WallsFloor_UV_0005.fbx
  artifactKey: Guid(1bef4f58e1e9a574db804a372afa2f1c) Importer(815301076,1909f56bfc062723c751e8b465ee728b)
Start importing Assets/Sheepherd_Bar_WallsFloor_UV_0005.fbx using Guid(1bef4f58e1e9a574db804a372afa2f1c) Importer(815301076,1909f56bfc062723c751e8b465ee728b)  -> (artifact id: '0b99a8be6e0d94aab2158e76a1891bd0') in 0.345398 seconds
  Import took 0.352606 seconds .

========================================================================
Received Import Request.
  Time since last request: 0.000306 seconds.
  path: Assets/Sheepherd_Bar_TEXTURES_0005.blend
  artifactKey: Guid(b1dd51189b2ce56428137dafeb149f42) Importer(815301076,1909f56bfc062723c751e8b465ee728b)
Start importing Assets/Sheepherd_Bar_TEXTURES_0005.blend using Guid(b1dd51189b2ce56428137dafeb149f42) Importer(815301076,1909f56bfc062723c751e8b465ee728b)  -> (artifact id: 'af12f83a15b71e2691bbd0944c851e65') in 0.243001 seconds
  Import took 0.245787 seconds .

========================================================================
Received Import Request.
  Time since last request: 0.000393 seconds.
  path: Assets/Cactus.prefab
  artifactKey: Guid(319387b972ff24d5cbd58244ab3cbde6) Importer(815301076,1909f56bfc062723c751e8b465ee728b)
Start importing Assets/Cactus.prefab using Guid(319387b972ff24d5cbd58244ab3cbde6) Importer(815301076,1909f56bfc062723c751e8b465ee728b)  -> (artifact id: 'c1de1e236d19290aeb2146c0abea3b31') in 0.020303 seconds
  Import took 0.022665 seconds .

========================================================================
Received Import Request.
  Time since last request: 0.000247 seconds.
  path: Assets/shepherd_bar_export.obj
  artifactKey: Guid(bbf775821db3f492c8a43466482e155a) Importer(815301076,1909f56bfc062723c751e8b465ee728b)
Start importing Assets/shepherd_bar_export.obj using Guid(bbf775821db3f492c8a43466482e155a) Importer(815301076,1909f56bfc062723c751e8b465ee728b)  -> (artifact id: '31411597f78ac1f77514074b79edd082') in 0.047932 seconds
  Import took 0.050348 seconds .

========================================================================
Received Import Request.
  Time since last request: 0.000272 seconds.
  path: Assets/Sheepherd_Bar_UV_0004.blend
  artifactKey: Guid(bb4f04a89452a4befa65a88e36ef2fee) Importer(815301076,1909f56bfc062723c751e8b465ee728b)
Start importing Assets/Sheepherd_Bar_UV_0004.blend using Guid(bb4f04a89452a4befa65a88e36ef2fee) Importer(815301076,1909f56bfc062723c751e8b465ee728b)  -> (artifact id: '468e8f2c451191b3ec3e5cc579953060') in 0.193072 seconds
  Import took 0.195728 seconds .

========================================================================
Received Import Request.
  Time since last request: 0.000294 seconds.
  path: Assets/Sheepherd_Bar_UV_0004.fbx
  artifactKey: Guid(101a713a38322bb4588cae47b191317f) Importer(815301076,1909f56bfc062723c751e8b465ee728b)
Start importing Assets/Sheepherd_Bar_UV_0004.fbx using Guid(101a713a38322bb4588cae47b191317f) Importer(815301076,1909f56bfc062723c751e8b465ee728b)  -> (artifact id: 'd0087b47da31ae8acc43152666d2c184') in 0.163493 seconds
  Import took 0.166209 seconds .

========================================================================
Received Import Request.
  Time since last request: 9.008941 seconds.
  path: Assets/Scenes
  artifactKey: Guid(6517d8ce0e70f44519502aa52832ba66) Importer(815301076,1909f56bfc062723c751e8b465ee728b)
Start importing Assets/Scenes using Guid(6517d8ce0e70f44519502aa52832ba66) Importer(815301076,1909f56bfc062723c751e8b465ee728b)  -> (artifact id: 'a3133354866c5293952ea2a715bb5c73') in 0.006970 seconds
  Import took 0.009368 seconds .

========================================================================
Received Import Request.
  Time since last request: 0.038066 seconds.
  path: Assets/Scenes
  artifactKey: Guid(6517d8ce0e70f44519502aa52832ba66) Importer(815301076,1909f56bfc062723c751e8b465ee728b)
Start importing Assets/Scenes using Guid(6517d8ce0e70f44519502aa52832ba66) Importer(815301076,1909f56bfc062723c751e8b465ee728b)  -> (artifact id: 'a3133354866c5293952ea2a715bb5c73') in 0.004400 seconds
  Import took 0.007109 seconds .

========================================================================
Received Import Request.
  Time since last request: 0.864733 seconds.
  path: Assets/Scenes/SampleScene.unity
  artifactKey: Guid(9fc0d4010bbf28b4594072e72b8655ab) Importer(815301076,1909f56bfc062723c751e8b465ee728b)
Start importing Assets/Scenes/SampleScene.unity using Guid(9fc0d4010bbf28b4594072e72b8655ab) Importer(815301076,1909f56bfc062723c751e8b465ee728b)  -> (artifact id: 'f828d4846f259ff05330174bdc1321a2') in 0.008849 seconds
  Import took 0.011534 seconds .

========================================================================
Received Import Request.
  Time since last request: 0.000963 seconds.
  path: Assets/Scenes/SampleScene.unity
  artifactKey: Guid(9fc0d4010bbf28b4594072e72b8655ab) Importer(815301076,1909f56bfc062723c751e8b465ee728b)
Start importing Assets/Scenes/SampleScene.unity using Guid(9fc0d4010bbf28b4594072e72b8655ab) Importer(815301076,1909f56bfc062723c751e8b465ee728b)  -> (artifact id: 'f828d4846f259ff05330174bdc1321a2') in 0.004507 seconds
  Import took 0.007087 seconds .

========================================================================
Received Import Request.
  Time since last request: 33.994553 seconds.
  path: Assets/Sheepherd_Bar_TEXTURES_0006.blend
  artifactKey: Guid(fe0d46dadce123f408722fc7e22b4fe4) Importer(815301076,1909f56bfc062723c751e8b465ee728b)
Start importing Assets/Sheepherd_Bar_TEXTURES_0006.blend using Guid(fe0d46dadce123f408722fc7e22b4fe4) Importer(815301076,1909f56bfc062723c751e8b465ee728b)  -> (artifact id: '39f9ffb55c460d2444f038155e4977d2') in 0.204901 seconds
  Import took 0.208183 seconds .

========================================================================
Received Import Request.
  Time since last request: 126.634226 seconds.
  path: Assets
  artifactKey: Guid(00000000000000001000000000000000) Importer(815301076,1909f56bfc062723c751e8b465ee728b)
Start importing Assets using Guid(00000000000000001000000000000000) Importer(815301076,1909f56bfc062723c751e8b465ee728b)  -> (artifact id: 'b41cfa13f056e58f64cf5f3363de7353') in 0.009069 seconds
  Import took 0.012188 seconds .

========================================================================
Received Import Request.
  Time since last request: 0.000337 seconds.
  path: Assets
  artifactKey: Guid(00000000000000001000000000000000) Importer(815301076,1909f56bfc062723c751e8b465ee728b)
Start importing Assets using Guid(00000000000000001000000000000000) Importer(815301076,1909f56bfc062723c751e8b465ee728b)  -> (artifact id: 'b41cfa13f056e58f64cf5f3363de7353') in 0.003817 seconds
  Import took 0.006608 seconds .

========================================================================
Received Import Request.
  Time since last request: 4.978954 seconds.
  path: Assets/Editor
  artifactKey: Guid(9487db530f740cf45b9e7ec8e5bfc06c) Importer(815301076,1909f56bfc062723c751e8b465ee728b)
Start importing Assets/Editor using Guid(9487db530f740cf45b9e7ec8e5bfc06c) Importer(815301076,1909f56bfc062723c751e8b465ee728b)  -> (artifact id: '99e0e03e7b82254b2b282fbf76edc29d') in 0.008939 seconds
  Import took 0.011391 seconds .

========================================================================
Received Import Request.
  Time since last request: 13.861735 seconds.
  path: Assets/Editor/ReplaceWithPrefab.cs
  artifactKey: Guid(ca6f5dff2289d28449c21bb9b0af9e55) Importer(815301076,1909f56bfc062723c751e8b465ee728b)
Start importing Assets/Editor/ReplaceWithPrefab.cs using Guid(ca6f5dff2289d28449c21bb9b0af9e55) Importer(815301076,1909f56bfc062723c751e8b465ee728b)  -> (artifact id: '741dc3afbc45eba1a093804fce3d8734') in 0.025708 seconds
  Import took 0.028696 seconds .

========================================================================
Received Prepare
Registering precompiled user dll's ...
Registered in 0.001191 seconds.
Begin MonoManager ReloadAssembly
Native extension for WindowsStandalone target not found
Native extension for OSXStandalone target not found
Native extension for WebGL target not found
Refreshing native plugins compatible for Editor in 0.30 ms, found 0 plugins.
Preloading 0 native plugins for Editor in 0.00 ms.
Invoked RoslynAnalysisRunner static constructor.
RoslynAnalysisRunner will not be running.
RoslynAnalysisRunner has terminated.
Mono: successfully reloaded assembly
- Completed reload, in  1.258 seconds
Platform modules already initialized, skipping
Refreshing native plugins compatible for Editor in 0.47 ms, found 0 plugins.
Preloading 0 native plugins for Editor in 0.00 ms.
Unloading 1620 Unused Serialized files (Serialized files now loaded: 0)
System memory in use before: 83.5 MB.
System memory in use after: 83.6 MB.

Unloading 7 unused Assets to reduce memory usage. Loaded Objects now: 2116.
Total: 3.000100 ms (FindLiveObjects: 0.360000 ms CreateObjectMapping: 0.130600 ms MarkObjects: 2.474100 ms  DeleteObjects: 0.032600 ms)

========================================================================
Received Prepare
Registering precompiled user dll's ...
Registered in 0.001347 seconds.
Begin MonoManager ReloadAssembly
Native extension for WindowsStandalone target not found
Native extension for OSXStandalone target not found
Native extension for WebGL target not found
Refreshing native plugins compatible for Editor in 0.42 ms, found 0 plugins.
Preloading 0 native plugins for Editor in 0.00 ms.
Invoked RoslynAnalysisRunner static constructor.
RoslynAnalysisRunner will not be running.
RoslynAnalysisRunner has terminated.
Mono: successfully reloaded assembly
- Completed reload, in  1.042 seconds
Platform modules already initialized, skipping
Refreshing native plugins compatible for Editor in 0.36 ms, found 0 plugins.
Preloading 0 native plugins for Editor in 0.00 ms.
Unloading 1619 Unused Serialized files (Serialized files now loaded: 0)
System memory in use before: 83.6 MB.
System memory in use after: 83.7 MB.

Unloading 6 unused Assets to reduce memory usage. Loaded Objects now: 2118.
Total: 2.114500 ms (FindLiveObjects: 0.176900 ms CreateObjectMapping: 0.059500 ms MarkObjects: 1.860500 ms  DeleteObjects: 0.016400 ms)

========================================================================
Received Import Request.
  Time since last request: 76.972935 seconds.
  path: Assets/shepherd_bar_export.mtl
  artifactKey: Guid(847faec35a48d4e28a27e322e9c563d8) Importer(815301076,1909f56bfc062723c751e8b465ee728b)
Start importing Assets/shepherd_bar_export.mtl using Guid(847faec35a48d4e28a27e322e9c563d8) Importer(815301076,1909f56bfc062723c751e8b465ee728b)  -> (artifact id: 'af351f6469851417bca4e384c6e30940') in 0.016562 seconds
  Import took 0.019075 seconds .

========================================================================
Received Import Request.
  Time since last request: 56.186547 seconds.
  path: Assets/Sheepherd_Bar_TEXTURES_0006.blend
  artifactKey: Guid(fe0d46dadce123f408722fc7e22b4fe4) Importer(815301076,1909f56bfc062723c751e8b465ee728b)
Start importing Assets/Sheepherd_Bar_TEXTURES_0006.blend using Guid(fe0d46dadce123f408722fc7e22b4fe4) Importer(815301076,1909f56bfc062723c751e8b465ee728b)  -> (artifact id: '8ef826c6bc0000ae166e7253328e4b16') in 0.303200 seconds
  Import took 0.305955 seconds .

========================================================================
Received Import Request.
  Time since last request: 34.867683 seconds.
  path: Assets/Sheepherd_Bar_TEXTURES_0006.blend
  artifactKey: Guid(fe0d46dadce123f408722fc7e22b4fe4) Importer(815301076,1909f56bfc062723c751e8b465ee728b)
Start importing Assets/Sheepherd_Bar_TEXTURES_0006.blend using Guid(fe0d46dadce123f408722fc7e22b4fe4) Importer(815301076,1909f56bfc062723c751e8b465ee728b)  -> (artifact id: '44baf2de0e2201eaea605774d8efb309') in 0.391251 seconds
  Import took 0.395089 seconds .

========================================================================
Received Import Request.
  Time since last request: 49.909286 seconds.
  path: Assets/New Material.mat
  artifactKey: Guid(bd231fa0f0e5e944c8e28400bf8a889a) Importer(815301076,1909f56bfc062723c751e8b465ee728b)
Start importing Assets/New Material.mat using Guid(bd231fa0f0e5e944c8e28400bf8a889a) Importer(815301076,1909f56bfc062723c751e8b465ee728b)  -> (artifact id: '09cfa5de1569a5a0d131bd6fe0fde14a') in 0.029660 seconds
  Import took 0.032666 seconds .

========================================================================
Received Import Request.
  Time since last request: 27.284488 seconds.
  path: Assets/Sheepherd_Bar_TEXTURES_0006.blend
  artifactKey: Guid(fe0d46dadce123f408722fc7e22b4fe4) Importer(815301076,1909f56bfc062723c751e8b465ee728b)
Start importing Assets/Sheepherd_Bar_TEXTURES_0006.blend using Guid(fe0d46dadce123f408722fc7e22b4fe4) Importer(815301076,1909f56bfc062723c751e8b465ee728b)  -> (artifact id: 'a29da7e55a69a59fefce93c254dd1846') in 0.202122 seconds
  Import took 0.204993 seconds .

========================================================================
Received Import Request.
  Time since last request: 35.649197 seconds.
  path: Assets/Sheepherd_Bar_TEXTURES_0006.blend
  artifactKey: Guid(fe0d46dadce123f408722fc7e22b4fe4) Importer(815301076,1909f56bfc062723c751e8b465ee728b)
Start importing Assets/Sheepherd_Bar_TEXTURES_0006.blend using Guid(fe0d46dadce123f408722fc7e22b4fe4) Importer(815301076,1909f56bfc062723c751e8b465ee728b)  -> (artifact id: '445c2fa794446336a8b1d8e0a89bf9c6') in 0.194552 seconds
  Import took 0.197635 seconds .

========================================================================
Received Import Request.
  Time since last request: 15.282830 seconds.
  path: Assets/Sheepherd_Bar_TEXTURES_0006.blend
  artifactKey: Guid(fe0d46dadce123f408722fc7e22b4fe4) Importer(815301076,1909f56bfc062723c751e8b465ee728b)
Start importing Assets/Sheepherd_Bar_TEXTURES_0006.blend using Guid(fe0d46dadce123f408722fc7e22b4fe4) Importer(815301076,1909f56bfc062723c751e8b465ee728b)  -> (artifact id: 'bcfe795c4b42708adeeb3c9984070f2c') in 0.227992 seconds
  Import took 0.230839 seconds .

========================================================================
Received Import Request.
  Time since last request: 63.722773 seconds.
  path: Assets/Materials
  artifactKey: Guid(4a5c95e1ab771994da5783454734c8ee) Importer(815301076,1909f56bfc062723c751e8b465ee728b)
Start importing Assets/Materials using Guid(4a5c95e1ab771994da5783454734c8ee) Importer(815301076,1909f56bfc062723c751e8b465ee728b)  -> (artifact id: 'e8672aaa97df9ede3ade0f583985b519') in 0.009654 seconds
  Import took 0.012135 seconds .

========================================================================
Received Import Request.
  Time since last request: 0.111776 seconds.
  path: Assets/Materials/Material.mat
  artifactKey: Guid(c3fcd867231d49f4e9e4316fe0049fdc) Importer(815301076,1909f56bfc062723c751e8b465ee728b)
Start importing Assets/Materials/Material.mat using Guid(c3fcd867231d49f4e9e4316fe0049fdc) Importer(815301076,1909f56bfc062723c751e8b465ee728b)  -> (artifact id: '885c8c2494808b55c5a882350ea768b7') in 0.024408 seconds
  Import took 0.026858 seconds .

========================================================================
Received Import Request.
  Time since last request: 0.000308 seconds.
  path: Assets/Materials/props_mat.mat
  artifactKey: Guid(b64d635bc064f6045ae4634e3a65930e) Importer(815301076,1909f56bfc062723c751e8b465ee728b)
Start importing Assets/Materials/props_mat.mat using Guid(b64d635bc064f6045ae4634e3a65930e) Importer(815301076,1909f56bfc062723c751e8b465ee728b)  -> (artifact id: 'd8588e51e791bde5bd690ef3bbfd0d1b') in 0.020479 seconds
  Import took 0.022933 seconds .

========================================================================
Received Import Request.
  Time since last request: 0.000432 seconds.
  path: Assets/Materials/terrain_mat.mat
  artifactKey: Guid(1cc9db74200358a43b500fd1e272764d) Importer(815301076,1909f56bfc062723c751e8b465ee728b)
Start importing Assets/Materials/terrain_mat.mat using Guid(1cc9db74200358a43b500fd1e272764d) Importer(815301076,1909f56bfc062723c751e8b465ee728b)  -> (artifact id: 'e9cf21c581442fcb6187bb6b0bef7d08') in 0.020472 seconds
  Import took 0.022776 seconds .

========================================================================
Received Import Request.
  Time since last request: 0.000344 seconds.
  path: Assets/Materials/walls_and_floor_mat.mat
  artifactKey: Guid(b4dd897aeaa516143822e51febf3e4f8) Importer(815301076,1909f56bfc062723c751e8b465ee728b)
Start importing Assets/Materials/walls_and_floor_mat.mat using Guid(b4dd897aeaa516143822e51febf3e4f8) Importer(815301076,1909f56bfc062723c751e8b465ee728b)  -> (artifact id: '0d6d7069701a91897b0c61f9901f6db8') in 0.020894 seconds
  Import took 0.023535 seconds .

========================================================================
Received Import Request.
  Time since last request: 0.003725 seconds.
  path: Assets/Materials/walls_and_floor_mat.mat
  artifactKey: Guid(b4dd897aeaa516143822e51febf3e4f8) Importer(815301076,1909f56bfc062723c751e8b465ee728b)
Start importing Assets/Materials/walls_and_floor_mat.mat using Guid(b4dd897aeaa516143822e51febf3e4f8) Importer(815301076,1909f56bfc062723c751e8b465ee728b)  -> (artifact id: '0d6d7069701a91897b0c61f9901f6db8') in 0.013594 seconds
  Import took 0.016845 seconds .

========================================================================
Received Import Request.
  Time since last request: 21.305718 seconds.
  path: Assets/Materials/textures/Material_Base_Color.jpg
  artifactKey: Guid(b87b502c99c089a4da072f891f5bc363) Importer(815301076,1909f56bfc062723c751e8b465ee728b)
Start importing Assets/Materials/textures/Material_Base_Color.jpg using Guid(b87b502c99c089a4da072f891f5bc363) Importer(815301076,1909f56bfc062723c751e8b465ee728b)  -> (artifact id: 'c3727a1b87cf1a33a86ad58db805c2b8') in 0.090208 seconds
  Import took 0.092870 seconds .

========================================================================
Received Import Request.
  Time since last request: 0.000352 seconds.
  path: Assets/Materials/textures/walls_Base_Color.jpg
  artifactKey: Guid(e101a163d70b21142987b862cdc28a00) Importer(815301076,1909f56bfc062723c751e8b465ee728b)
Start importing Assets/Materials/textures/walls_Base_Color.jpg using Guid(e101a163d70b21142987b862cdc28a00) Importer(815301076,1909f56bfc062723c751e8b465ee728b)  -> (artifact id: '3912cddcec807527eafe6d12478936b6') in 0.022508 seconds
  Import took 0.024818 seconds .

========================================================================
Received Import Request.
  Time since last request: 0.000262 seconds.
  path: Assets/Materials/textures/Material_Height.jpg
  artifactKey: Guid(b933c650f242fe746b3d4dc3eaa75a7e) Importer(815301076,1909f56bfc062723c751e8b465ee728b)
Start importing Assets/Materials/textures/Material_Height.jpg using Guid(b933c650f242fe746b3d4dc3eaa75a7e) Importer(815301076,1909f56bfc062723c751e8b465ee728b)  -> (artifact id: 'f0f8041c0417f2a1eee937dd0bc3d5fa') in 0.021189 seconds
  Import took 0.023701 seconds .

========================================================================
Received Import Request.
  Time since last request: 0.000325 seconds.
  path: Assets/Materials/textures/Material_Normal_OpenGL.jpg
  artifactKey: Guid(a4f9541049c0f4842b50e8b7eea836a7) Importer(815301076,1909f56bfc062723c751e8b465ee728b)
Start importing Assets/Materials/textures/Material_Normal_OpenGL.jpg using Guid(a4f9541049c0f4842b50e8b7eea836a7) Importer(815301076,1909f56bfc062723c751e8b465ee728b)  -> (artifact id: 'e2d2dee1309bf00f718d55aea61fb2a9') in 0.020098 seconds
  Import took 0.022801 seconds .

========================================================================
Received Import Request.
  Time since last request: 0.000256 seconds.
  path: Assets/Materials/textures/walls_Normal.jpg
  artifactKey: Guid(cf5e6b4377705b34da380d2699ec7379) Importer(815301076,1909f56bfc062723c751e8b465ee728b)
Start importing Assets/Materials/textures/walls_Normal.jpg using Guid(cf5e6b4377705b34da380d2699ec7379) Importer(815301076,1909f56bfc062723c751e8b465ee728b)  -> (artifact id: 'ccb66430cb3a2e99ea5bfa2340fe8fe8') in 0.024797 seconds
  Import took 0.027486 seconds .

========================================================================
Received Import Request.
  Time since last request: 0.000327 seconds.
  path: Assets/Materials/textures/Material_Metallic.jpg
  artifactKey: Guid(e8d4f6ee0fe2d8642bf6f5efe6586607) Importer(815301076,1909f56bfc062723c751e8b465ee728b)
Start importing Assets/Materials/textures/Material_Metallic.jpg using Guid(e8d4f6ee0fe2d8642bf6f5efe6586607) Importer(815301076,1909f56bfc062723c751e8b465ee728b)  -> (artifact id: '4bd740bae67a98c11a0d761c49a58e90') in 0.024460 seconds
  Import took 0.038095 seconds .

========================================================================
Received Import Request.
  Time since last request: 0.000256 seconds.
  path: Assets/Materials/textures/walls_Normal_OpenGL.jpg
  artifactKey: Guid(4cf8586d8625c4a4b902e8ae54bb116c) Importer(815301076,1909f56bfc062723c751e8b465ee728b)
Start importing Assets/Materials/textures/walls_Normal_OpenGL.jpg using Guid(4cf8586d8625c4a4b902e8ae54bb116c) Importer(815301076,1909f56bfc062723c751e8b465ee728b)  -> (artifact id: 'eb64592813dd5301e409fa8cacda9561') in 0.021423 seconds
  Import took 0.024060 seconds .

========================================================================
Received Import Request.
  Time since last request: 0.000239 seconds.
  path: Assets/Materials/textures/Material_Normal.jpg
  artifactKey: Guid(c8de4ba911a653d4abf874f42c54534b) Importer(815301076,1909f56bfc062723c751e8b465ee728b)
Start importing Assets/Materials/textures/Material_Normal.jpg using Guid(c8de4ba911a653d4abf874f42c54534b) Importer(815301076,1909f56bfc062723c751e8b465ee728b)  -> (artifact id: 'e66f4af52e152f3a98681b6bb7cccaf5') in 0.021896 seconds
  Import took 0.024832 seconds .

========================================================================
Received Import Request.
  Time since last request: 0.000241 seconds.
  path: Assets/Materials/textures/walls_Metallic.jpg
  artifactKey: Guid(1fcb459735b091c45ac9aa7eb44434fe) Importer(815301076,1909f56bfc062723c751e8b465ee728b)
Start importing Assets/Materials/textures/walls_Metallic.jpg using Guid(1fcb459735b091c45ac9aa7eb44434fe) Importer(815301076,1909f56bfc062723c751e8b465ee728b)  -> (artifact id: 'b2383c943e4e325b5266f3095d58d739') in 0.021730 seconds
  Import took 0.025049 seconds .

========================================================================
Received Import Request.
  Time since last request: 0.000454 seconds.
  path: Assets/Materials/textures/walls_Roughness.jpg
  artifactKey: Guid(6e599f41fe984cd4ca8ad7acc3cc7534) Importer(815301076,1909f56bfc062723c751e8b465ee728b)
Start importing Assets/Materials/textures/walls_Roughness.jpg using Guid(6e599f41fe984cd4ca8ad7acc3cc7534) Importer(815301076,1909f56bfc062723c751e8b465ee728b)  -> (artifact id: '15b01fdd2eaa3fd410b9eba6d4695739') in 0.020331 seconds
  Import took 0.022918 seconds .

========================================================================
Received Import Request.
  Time since last request: 0.000435 seconds.
  path: Assets/Materials/textures/walls_Height.jpg
  artifactKey: Guid(2c893885510d18d4d9e7e58e042345fc) Importer(815301076,1909f56bfc062723c751e8b465ee728b)
Start importing Assets/Materials/textures/walls_Height.jpg using Guid(2c893885510d18d4d9e7e58e042345fc) Importer(815301076,1909f56bfc062723c751e8b465ee728b)  -> (artifact id: '2e901796641fb98dee972d72b693e1c3') in 0.016365 seconds
  Import took 0.018878 seconds .

========================================================================
Received Import Request.
  Time since last request: 0.000303 seconds.
  path: Assets/Materials/textures/Material_Roughness.jpg
  artifactKey: Guid(5571bf4fe44738648b336816720d7c96) Importer(815301076,1909f56bfc062723c751e8b465ee728b)
Start importing Assets/Materials/textures/Material_Roughness.jpg using Guid(5571bf4fe44738648b336816720d7c96) Importer(815301076,1909f56bfc062723c751e8b465ee728b)  -> (artifact id: '1b86031a258ee1564057c7fe2b59ae52') in 0.024981 seconds
  Import took 0.027818 seconds .

========================================================================
Received Import Request.
  Time since last request: 0.000280 seconds.
  path: Assets/Materials/textures/Material_Mixed_AO.jpg
  artifactKey: Guid(0c6bb671feb88224e93d643754978c4a) Importer(815301076,1909f56bfc062723c751e8b465ee728b)
Start importing Assets/Materials/textures/Material_Mixed_AO.jpg using Guid(0c6bb671feb88224e93d643754978c4a) Importer(815301076,1909f56bfc062723c751e8b465ee728b)  -> (artifact id: '290605932d93e7621e02c4e90df1dadf') in 0.021999 seconds
  Import took 0.025066 seconds .

========================================================================
Received Import Request.
  Time since last request: 55.648208 seconds.
  path: Assets/Materials/textures
  artifactKey: Guid(f838ce540e6fd4941a2dd10f6e9acc21) Importer(815301076,1909f56bfc062723c751e8b465ee728b)
Start importing Assets/Materials/textures using Guid(f838ce540e6fd4941a2dd10f6e9acc21) Importer(815301076,1909f56bfc062723c751e8b465ee728b)  -> (artifact id: '29ea8acc4cfd7736134e0ec62e49a222') in 0.009814 seconds
  Import took 0.012640 seconds .

========================================================================
Received Import Request.
  Time since last request: 0.000313 seconds.
  path: Assets/Materials/textures
  artifactKey: Guid(f838ce540e6fd4941a2dd10f6e9acc21) Importer(815301076,1909f56bfc062723c751e8b465ee728b)
Start importing Assets/Materials/textures using Guid(f838ce540e6fd4941a2dd10f6e9acc21) Importer(815301076,1909f56bfc062723c751e8b465ee728b)  -> (artifact id: '29ea8acc4cfd7736134e0ec62e49a222') in 0.004886 seconds
  Import took 0.007429 seconds .

========================================================================
Received Import Request.
  Time since last request: 57.409094 seconds.
  path: Assets/Scenes/SampleScene/ReflectionProbe-0.exr
  artifactKey: Guid(dd1b24e68bc5b4888a6db5fccfca334d) Importer(815301076,1909f56bfc062723c751e8b465ee728b)
Start importing Assets/Scenes/SampleScene/ReflectionProbe-0.exr using Guid(dd1b24e68bc5b4888a6db5fccfca334d) Importer(815301076,1909f56bfc062723c751e8b465ee728b)  -> (artifact id: 'c8bd781f1bc8d6443001d93293a9758a') in 0.808970 seconds
  Import took 0.811581 seconds .

========================================================================
Received Import Request.
  Time since last request: 31.054300 seconds.
  path: Assets/Materials/textures/Material_Normal_OpenGL.jpg
  artifactKey: Guid(a4f9541049c0f4842b50e8b7eea836a7) Importer(815301076,1909f56bfc062723c751e8b465ee728b)
Start importing Assets/Materials/textures/Material_Normal_OpenGL.jpg using Guid(a4f9541049c0f4842b50e8b7eea836a7) Importer(815301076,1909f56bfc062723c751e8b465ee728b)  -> (artifact id: '706e150d7c99612967a3267105711a8a') in 0.018558 seconds
  Import took 0.021160 seconds .

========================================================================
Received Import Request.
  Time since last request: 80.049082 seconds.
  path: Assets/Materials/walls_Base_Color.mat
  artifactKey: Guid(162d7f1e8d4412041b0af647ce1c721d) Importer(815301076,1909f56bfc062723c751e8b465ee728b)
Start importing Assets/Materials/walls_Base_Color.mat using Guid(162d7f1e8d4412041b0af647ce1c721d) Importer(815301076,1909f56bfc062723c751e8b465ee728b)  -> (artifact id: 'c55978364441b802544b39e80dd2295b') in 0.015694 seconds
  Import took 0.018518 seconds .

========================================================================
Received Import Request.
  Time since last request: 57.851411 seconds.
  path: Assets/Materials/textures/walls_Normal_OpenGL.jpg
  artifactKey: Guid(4cf8586d8625c4a4b902e8ae54bb116c) Importer(815301076,1909f56bfc062723c751e8b465ee728b)
Start importing Assets/Materials/textures/walls_Normal_OpenGL.jpg using Guid(4cf8586d8625c4a4b902e8ae54bb116c) Importer(815301076,1909f56bfc062723c751e8b465ee728b)  -> (artifact id: '142a93343ed51e2656c3878826f5a467') in 0.018736 seconds
  Import took 0.021691 seconds .

========================================================================
Received Import Request.
  Time since last request: 333.378845 seconds.
  path: Assets/Materials/props_mat.mat
  artifactKey: Guid(b64d635bc064f6045ae4634e3a65930e) Importer(815301076,1909f56bfc062723c751e8b465ee728b)
Start importing Assets/Materials/props_mat.mat using Guid(b64d635bc064f6045ae4634e3a65930e) Importer(815301076,1909f56bfc062723c751e8b465ee728b)  -> (artifact id: '20ba159c154fe9208b61035e21d9e8fb') in 0.022878 seconds
  Import took 0.025986 seconds .

========================================================================
Received Import Request.
  Time since last request: 0.000264 seconds.
  path: Assets/Materials/walls_Base_Color.mat
  artifactKey: Guid(162d7f1e8d4412041b0af647ce1c721d) Importer(815301076,1909f56bfc062723c751e8b465ee728b)
Start importing Assets/Materials/walls_Base_Color.mat using Guid(162d7f1e8d4412041b0af647ce1c721d) Importer(815301076,1909f56bfc062723c751e8b465ee728b)  -> (artifact id: '1bff1dc790f6ebb88e9581c8f9b74d7a') in 0.019298 seconds
  Import took 0.021864 seconds .

========================================================================
Received Import Request.
  Time since last request: 0.000270 seconds.
  path: Assets/Materials/walls_and_floor_mat.mat
  artifactKey: Guid(b4dd897aeaa516143822e51febf3e4f8) Importer(815301076,1909f56bfc062723c751e8b465ee728b)
Start importing Assets/Materials/walls_and_floor_mat.mat using Guid(b4dd897aeaa516143822e51febf3e4f8) Importer(815301076,1909f56bfc062723c751e8b465ee728b)  -> (artifact id: '99af77b65e1a734da618ab6565e1effb') in 0.016886 seconds
  Import took 0.019487 seconds .

========================================================================
Received Import Request.
  Time since last request: 336.657613 seconds.
  path: Assets/Sheepherd_Bar_TEXTURES_0006.blend
  artifactKey: Guid(fe0d46dadce123f408722fc7e22b4fe4) Importer(815301076,1909f56bfc062723c751e8b465ee728b)
Start importing Assets/Sheepherd_Bar_TEXTURES_0006.blend using Guid(fe0d46dadce123f408722fc7e22b4fe4) Importer(815301076,1909f56bfc062723c751e8b465ee728b)  -> (artifact id: '3b89a2f2aa39360cc00de574f3ac316b') in 0.221138 seconds
  Import took 0.224921 seconds .

========================================================================
Received Import Request.
  Time since last request: 49.446016 seconds.
  path: Assets/Sheepherd_Bar_TEXTURES_0006.blend
  artifactKey: Guid(fe0d46dadce123f408722fc7e22b4fe4) Importer(815301076,1909f56bfc062723c751e8b465ee728b)
Start importing Assets/Sheepherd_Bar_TEXTURES_0006.blend using Guid(fe0d46dadce123f408722fc7e22b4fe4) Importer(815301076,1909f56bfc062723c751e8b465ee728b)  -> (artifact id: '0b4c01489983ff3a2fd9cec360251975') in 0.206756 seconds
  Import took 0.210051 seconds .

========================================================================
Received Import Request.
  Time since last request: 33.431112 seconds.
  path: Assets/Resources/DialogueCanvas.prefab
  artifactKey: Guid(9a04b2c44db164d39bfb2930663000c4) Importer(815301076,1909f56bfc062723c751e8b465ee728b)
Start importing Assets/Resources/DialogueCanvas.prefab using Guid(9a04b2c44db164d39bfb2930663000c4) Importer(815301076,1909f56bfc062723c751e8b465ee728b)  -> (artifact id: 'ecb4c7285f563892c3978efe6224a7e0') in 0.017685 seconds
  Import took 0.020196 seconds .

========================================================================
Received Import Request.
  Time since last request: 0.000256 seconds.
  path: Assets/Resources/Initializer.prefab
  artifactKey: Guid(184bb6895127843da897bf2dd9f16f2c) Importer(815301076,1909f56bfc062723c751e8b465ee728b)
Start importing Assets/Resources/Initializer.prefab using Guid(184bb6895127843da897bf2dd9f16f2c) Importer(815301076,1909f56bfc062723c751e8b465ee728b)  -> (artifact id: '455b9b18b4416f1a58415f3604161d1e') in 0.011882 seconds
  Import took 0.014667 seconds .

========================================================================
Received Import Request.
  Time since last request: 0.000294 seconds.
  path: Assets/Resources/DIalogueManager.prefab
  artifactKey: Guid(40861b52cbdc14518978070ba4b01e13) Importer(815301076,1909f56bfc062723c751e8b465ee728b)
Start importing Assets/Resources/DIalogueManager.prefab using Guid(40861b52cbdc14518978070ba4b01e13) Importer(815301076,1909f56bfc062723c751e8b465ee728b)  -> (artifact id: '16a1b0c70c09186b450f872a7dfee889') in 0.011597 seconds
  Import took 0.014053 seconds .

========================================================================
Received Import Request.
  Time since last request: 11.882690 seconds.
  path: Assets/Resources/DialogueCanvas.prefab
  artifactKey: Guid(9a04b2c44db164d39bfb2930663000c4) Importer(815301076,1909f56bfc062723c751e8b465ee728b)
Start importing Assets/Resources/DialogueCanvas.prefab using Guid(9a04b2c44db164d39bfb2930663000c4) Importer(815301076,1909f56bfc062723c751e8b465ee728b)  -> (artifact id: '879f71926a78df82e0bfe5211e3408ac') in 0.007420 seconds
  Import took 0.010610 seconds .

========================================================================
Received Import Request.
  Time since last request: 23.493475 seconds.
  path: Assets/Resources/DialogueCanvas.prefab
  artifactKey: Guid(9a04b2c44db164d39bfb2930663000c4) Importer(815301076,1909f56bfc062723c751e8b465ee728b)
Start importing Assets/Resources/DialogueCanvas.prefab using Guid(9a04b2c44db164d39bfb2930663000c4) Importer(815301076,1909f56bfc062723c751e8b465ee728b)  -> (artifact id: 'dd81e75f374719a6746a9204d44d7cdb') in 0.007445 seconds
  Import took 0.010051 seconds .

========================================================================
Received Import Request.
  Time since last request: 2.402972 seconds.
  path: Assets/Resources/DialogueCanvas.prefab
  artifactKey: Guid(9a04b2c44db164d39bfb2930663000c4) Importer(815301076,1909f56bfc062723c751e8b465ee728b)
Start importing Assets/Resources/DialogueCanvas.prefab using Guid(9a04b2c44db164d39bfb2930663000c4) Importer(815301076,1909f56bfc062723c751e8b465ee728b)  -> (artifact id: 'a856b6198e7604302bc59dbfe98cb4cf') in 0.006921 seconds
  Import took 0.009534 seconds .

========================================================================
Received Import Request.
  Time since last request: 1.012059 seconds.
  path: Assets/Resources/DialogueCanvas.prefab
  artifactKey: Guid(9a04b2c44db164d39bfb2930663000c4) Importer(815301076,1909f56bfc062723c751e8b465ee728b)
Start importing Assets/Resources/DialogueCanvas.prefab using Guid(9a04b2c44db164d39bfb2930663000c4) Importer(815301076,1909f56bfc062723c751e8b465ee728b)  -> (artifact id: '8959665fd72e4b5867a59ceaafd3cab3') in 0.007612 seconds
  Import took 0.010979 seconds .

========================================================================
Received Import Request.
  Time since last request: 11.268207 seconds.
  path: Assets/Resources/DialogueCanvas.prefab
  artifactKey: Guid(9a04b2c44db164d39bfb2930663000c4) Importer(815301076,1909f56bfc062723c751e8b465ee728b)
Start importing Assets/Resources/DialogueCanvas.prefab using Guid(9a04b2c44db164d39bfb2930663000c4) Importer(815301076,1909f56bfc062723c751e8b465ee728b)  -> (artifact id: '6748270b4385b70475dacdb846334418') in 0.005920 seconds
  Import took 0.008451 seconds .

========================================================================
Received Import Request.
  Time since last request: 5.241776 seconds.
  path: Assets/Resources/DialogueCanvas.prefab
  artifactKey: Guid(9a04b2c44db164d39bfb2930663000c4) Importer(815301076,1909f56bfc062723c751e8b465ee728b)
Start importing Assets/Resources/DialogueCanvas.prefab using Guid(9a04b2c44db164d39bfb2930663000c4) Importer(815301076,1909f56bfc062723c751e8b465ee728b)  -> (artifact id: 'd614c9f0782013b778d87e3c3eec0cfe') in 0.006143 seconds
  Import took 0.008996 seconds .

========================================================================
Received Import Request.
  Time since last request: 4.841058 seconds.
  path: Assets/Resources/DialogueCanvas.prefab
  artifactKey: Guid(9a04b2c44db164d39bfb2930663000c4) Importer(815301076,1909f56bfc062723c751e8b465ee728b)
Start importing Assets/Resources/DialogueCanvas.prefab using Guid(9a04b2c44db164d39bfb2930663000c4) Importer(815301076,1909f56bfc062723c751e8b465ee728b)  -> (artifact id: '70879411366b0dafcc82ebe636703527') in 0.008306 seconds
  Import took 0.011760 seconds .

========================================================================
Received Import Request.
  Time since last request: 3.010743 seconds.
  path: Assets/Resources/DialogueCanvas.prefab
  artifactKey: Guid(9a04b2c44db164d39bfb2930663000c4) Importer(815301076,1909f56bfc062723c751e8b465ee728b)
Start importing Assets/Resources/DialogueCanvas.prefab using Guid(9a04b2c44db164d39bfb2930663000c4) Importer(815301076,1909f56bfc062723c751e8b465ee728b)  -> (artifact id: 'e433d5cb3f5ded10976fb98d743adb53') in 0.005935 seconds
  Import took 0.008461 seconds .

========================================================================
Received Import Request.
  Time since last request: 17.877043 seconds.
  path: Assets/Resources/DialogueCanvas.prefab
  artifactKey: Guid(9a04b2c44db164d39bfb2930663000c4) Importer(815301076,1909f56bfc062723c751e8b465ee728b)
Start importing Assets/Resources/DialogueCanvas.prefab using Guid(9a04b2c44db164d39bfb2930663000c4) Importer(815301076,1909f56bfc062723c751e8b465ee728b)  -> (artifact id: 'c218315e7eb0c2ffdac695a20400e7b0') in 0.006609 seconds
  Import took 0.009413 seconds .

========================================================================
Received Import Request.
  Time since last request: 128.726712 seconds.
  path: Assets/Sheepherd_Bar_TEXTURES_0006.blend
  artifactKey: Guid(fe0d46dadce123f408722fc7e22b4fe4) Importer(815301076,1909f56bfc062723c751e8b465ee728b)
Start importing Assets/Sheepherd_Bar_TEXTURES_0006.blend using Guid(fe0d46dadce123f408722fc7e22b4fe4) Importer(815301076,1909f56bfc062723c751e8b465ee728b)  -> (artifact id: '7a196f2992197baf73863d43fd30d6d4') in 0.211358 seconds
  Import took 0.215283 seconds .

========================================================================
Received Import Request.
  Time since last request: 16.774899 seconds.
  path: Assets/Sheepherd_Bar_TEXTURES_0006.blend
  artifactKey: Guid(fe0d46dadce123f408722fc7e22b4fe4) Importer(815301076,1909f56bfc062723c751e8b465ee728b)
Start importing Assets/Sheepherd_Bar_TEXTURES_0006.blend using Guid(fe0d46dadce123f408722fc7e22b4fe4) Importer(815301076,1909f56bfc062723c751e8b465ee728b)  -> (artifact id: '74b1417292da70e8c8209ab64b9a4d6e') in 0.203842 seconds
  Import took 0.207465 seconds .

========================================================================
Received Import Request.
  Time since last request: 160.590847 seconds.
  path: Assets/Sheepherd_Bar_TEXTURES_0006.blend
  artifactKey: Guid(fe0d46dadce123f408722fc7e22b4fe4) Importer(815301076,1909f56bfc062723c751e8b465ee728b)
Start importing Assets/Sheepherd_Bar_TEXTURES_0006.blend using Guid(fe0d46dadce123f408722fc7e22b4fe4) Importer(815301076,1909f56bfc062723c751e8b465ee728b)  -> (artifact id: 'd4dddd69a4a8fbbcea6f17b79e9add54') in 0.217430 seconds
  Import took 0.221134 seconds .

========================================================================
Received Import Request.
  Time since last request: 27.242726 seconds.
  path: Assets/Sheepherd_Bar_TEXTURES_0006.blend
  artifactKey: Guid(fe0d46dadce123f408722fc7e22b4fe4) Importer(815301076,1909f56bfc062723c751e8b465ee728b)
Start importing Assets/Sheepherd_Bar_TEXTURES_0006.blend using Guid(fe0d46dadce123f408722fc7e22b4fe4) Importer(815301076,1909f56bfc062723c751e8b465ee728b)  -> (artifact id: '16c6f2effcbf6299303194dd7c020ccc') in 0.204028 seconds
  Import took 0.207673 seconds .

========================================================================
Received Import Request.
  Time since last request: 638.716496 seconds.
  path: Assets/Sheepherd_Bar_TEXTURES_0006.blend
  artifactKey: Guid(fe0d46dadce123f408722fc7e22b4fe4) Importer(815301076,1909f56bfc062723c751e8b465ee728b)
Start importing Assets/Sheepherd_Bar_TEXTURES_0006.blend using Guid(fe0d46dadce123f408722fc7e22b4fe4) Importer(815301076,1909f56bfc062723c751e8b465ee728b)  -> (artifact id: 'a1c11bdb2db94c77b67c4a16a68223fb') in 0.209028 seconds
  Import took 0.212973 seconds .

========================================================================
Received Import Request.
  Time since last request: 5.724951 seconds.
  path: Assets/Sheepherd_Bar_TEXTURES_0006.blend
  artifactKey: Guid(fe0d46dadce123f408722fc7e22b4fe4) Importer(815301076,1909f56bfc062723c751e8b465ee728b)
Start importing Assets/Sheepherd_Bar_TEXTURES_0006.blend using Guid(fe0d46dadce123f408722fc7e22b4fe4) Importer(815301076,1909f56bfc062723c751e8b465ee728b)  -> (artifact id: '6604d1f0a0f98eb23680061143db1955') in 0.205065 seconds
  Import took 0.208087 seconds .

========================================================================
Received Import Request.
  Time since last request: 558.440442 seconds.
  path: Assets/Sheepherd_Bar_TEXTURES_0006.blend
  artifactKey: Guid(fe0d46dadce123f408722fc7e22b4fe4) Importer(815301076,1909f56bfc062723c751e8b465ee728b)
Start importing Assets/Sheepherd_Bar_TEXTURES_0006.blend using Guid(fe0d46dadce123f408722fc7e22b4fe4) Importer(815301076,1909f56bfc062723c751e8b465ee728b)  -> (artifact id: '5ef68b522abb795a43fddbe10c52b210') in 0.222623 seconds
  Import took 0.226178 seconds .

========================================================================
Received Import Request.
  Time since last request: 410.292272 seconds.
  path: Assets/Sounds
  artifactKey: Guid(a746ddd82b332b54eb91d9f0a06fc310) Importer(815301076,1909f56bfc062723c751e8b465ee728b)
Start importing Assets/Sounds using Guid(a746ddd82b332b54eb91d9f0a06fc310) Importer(815301076,1909f56bfc062723c751e8b465ee728b)  -> (artifact id: 'eccf2101f428a4fd1315216a9f36e881') in 0.030729 seconds
  Import took 0.045255 seconds .

========================================================================
Received Import Request.
  Time since last request: 1.842749 seconds.
  path: Assets/Sounds/Laser_Shoot.bfxrsound
  artifactKey: Guid(4843fd7342f8c4e45b66d839c2cb7d83) Importer(815301076,1909f56bfc062723c751e8b465ee728b)
Start importing Assets/Sounds/Laser_Shoot.bfxrsound using Guid(4843fd7342f8c4e45b66d839c2cb7d83) Importer(815301076,1909f56bfc062723c751e8b465ee728b)  -> (artifact id: 'be26ce05dd724286ac8310a1baa1d1a1') in 0.013763 seconds
  Import took 0.016781 seconds .

========================================================================
Received Import Request.
  Time since last request: 147.876157 seconds.
  path: Assets/Sounds/Success.wav
  artifactKey: Guid(9c4a19e99cd11f04eaa0dce4a0f7ac3b) Importer(815301076,1909f56bfc062723c751e8b465ee728b)
Start importing Assets/Sounds/Success.wav using Guid(9c4a19e99cd11f04eaa0dce4a0f7ac3b) Importer(815301076,1909f56bfc062723c751e8b465ee728b)  -> (artifact id: 'f5ad8396f54dad6da9343107bf9604d9') in 0.261922 seconds
  Import took 0.264605 seconds .

========================================================================
Received Import Request.
  Time since last request: 14.386315 seconds.
  path: Assets/Sounds/Hit_Hurt2.bfxrsound
  artifactKey: Guid(c32b5e0ebcff0f5418cd25786aad74eb) Importer(815301076,1909f56bfc062723c751e8b465ee728b)
Start importing Assets/Sounds/Hit_Hurt2.bfxrsound using Guid(c32b5e0ebcff0f5418cd25786aad74eb) Importer(815301076,1909f56bfc062723c751e8b465ee728b)  -> (artifact id: '926073a9a5cde25882143c537aef73c5') in 0.008756 seconds
  Import took 0.011441 seconds .

========================================================================
Received Import Request.
  Time since last request: 67.939800 seconds.
  path: Assets/Sounds/Laser_Shoot.wav
  artifactKey: Guid(337f95ee5c6fef14a8d83f43cf2a4d12) Importer(815301076,1909f56bfc062723c751e8b465ee728b)
Start importing Assets/Sounds/Laser_Shoot.wav using Guid(337f95ee5c6fef14a8d83f43cf2a4d12) Importer(815301076,1909f56bfc062723c751e8b465ee728b)  -> (artifact id: '003b3495c37755ea9dbaeac7c4eed78f') in 0.013693 seconds
  Import took 0.016799 seconds .

========================================================================
Received Import Request.
  Time since last request: 32.459581 seconds.
  path: Assets/Sounds/Laser_Shoot.wav
  artifactKey: Guid(337f95ee5c6fef14a8d83f43cf2a4d12) Importer(815301076,1909f56bfc062723c751e8b465ee728b)
Start importing Assets/Sounds/Laser_Shoot.wav using Guid(337f95ee5c6fef14a8d83f43cf2a4d12) Importer(815301076,1909f56bfc062723c751e8b465ee728b)  -> (artifact id: 'ce8aa3d7f31d1ff9741d56acd8eae8d4') in 0.019704 seconds
  Import took 0.022580 seconds .

========================================================================
Received Import Request.
  Time since last request: 15.083587 seconds.
  path: Assets/Sounds/Randomize.wav
  artifactKey: Guid(b30dca53c088432499e8339d5ef38a24) Importer(815301076,1909f56bfc062723c751e8b465ee728b)
Start importing Assets/Sounds/Randomize.wav using Guid(b30dca53c088432499e8339d5ef38a24) Importer(815301076,1909f56bfc062723c751e8b465ee728b)  -> (artifact id: 'cc3380b95901170b4216dea5a89f817e') in 0.021621 seconds
  Import took 0.025052 seconds .

========================================================================
Received Import Request.
  Time since last request: 11.167954 seconds.
  path: Assets/Sounds/Laser_Shoot.bfxrsound
  artifactKey: Guid(4843fd7342f8c4e45b66d839c2cb7d83) Importer(815301076,1909f56bfc062723c751e8b465ee728b)
Start importing Assets/Sounds/Laser_Shoot.bfxrsound using Guid(4843fd7342f8c4e45b66d839c2cb7d83) Importer(815301076,1909f56bfc062723c751e8b465ee728b)  -> (artifact id: '00f3cf0556b0f4b76292a25f4706ff33') in 0.009686 seconds
  Import took 0.013282 seconds .

========================================================================
Received Import Request.
  Time since last request: 542.223671 seconds.
  path: Assets/Sheepherd_Bar_TEXTURES_0006.blend
  artifactKey: Guid(fe0d46dadce123f408722fc7e22b4fe4) Importer(815301076,1909f56bfc062723c751e8b465ee728b)
Start importing Assets/Sheepherd_Bar_TEXTURES_0006.blend using Guid(fe0d46dadce123f408722fc7e22b4fe4) Importer(815301076,1909f56bfc062723c751e8b465ee728b)  -> (artifact id: '17ba008888ba2d64add6231fa289f821') in 0.221409 seconds
  Import took 0.225531 seconds .

========================================================================
Received Import Request.
  Time since last request: 78.040260 seconds.
  path: Assets/Materials/Material.mat
  artifactKey: Guid(c3fcd867231d49f4e9e4316fe0049fdc) Importer(815301076,1909f56bfc062723c751e8b465ee728b)
Start importing Assets/Materials/Material.mat using Guid(c3fcd867231d49f4e9e4316fe0049fdc) Importer(815301076,1909f56bfc062723c751e8b465ee728b)  -> (artifact id: 'e50f4418e9bd95bc5c7c98536d6395f1') in 0.021264 seconds
  Import took 0.024621 seconds .

AssetImportWorkerClient::OnTransportError - code=2 error=End of file
